Using pre-set license
Built from '2021.3/staging' branch; Version is '2021.3.11f1 (0a5ca18544bf) revision 679073'; Using compiler version '192829333'; Build Type 'Release'
OS: 'Windows 11  (10.0.22621) 64bit Core' Language: 'sv' Physical Memory: 16085 MB
BatchMode: 1, IsHumanControllingUs: 0, StartBugReporterOnCrash: 0, Is64bit: 1, IsPro: 1

COMMAND LINE ARGUMENTS:
C:\Program Files\Unity\Hub\Editor\2021.3.11f1\Editor\Unity.exe
-adb2
-batchMode
-noUpm
-name
AssetImportWorker0
-projectPath
C:/unity/ScriptableObject/ScriptableObjects
-logFile
Logs/AssetImportWorker0.log
-srvPort
56430
Successfully changed project path to: C:/unity/ScriptableObject/ScriptableObjects
C:/unity/ScriptableObject/ScriptableObjects
[UnityMemory] Configuration Parameters - Can be set up in boot.config
    "memorysetup-bucket-allocator-granularity=16"
    "memorysetup-bucket-allocator-bucket-count=8"
    "memorysetup-bucket-allocator-block-size=33554432"
    "memorysetup-bucket-allocator-block-count=8"
    "memorysetup-main-allocator-block-size=16777216"
    "memorysetup-thread-allocator-block-size=16777216"
    "memorysetup-gfx-main-allocator-block-size=16777216"
    "memorysetup-gfx-thread-allocator-block-size=16777216"
    "memorysetup-cache-allocator-block-size=4194304"
    "memorysetup-typetree-allocator-block-size=2097152"
    "memorysetup-profiler-bucket-allocator-granularity=16"
    "memorysetup-profiler-bucket-allocator-bucket-count=8"
    "memorysetup-profiler-bucket-allocator-block-size=33554432"
    "memorysetup-profiler-bucket-allocator-block-count=8"
    "memorysetup-profiler-allocator-block-size=16777216"
    "memorysetup-profiler-editor-allocator-block-size=1048576"
    "memorysetup-temp-allocator-size-main=16777216"
    "memorysetup-job-temp-allocator-block-size=2097152"
    "memorysetup-job-temp-allocator-block-size-background=1048576"
    "memorysetup-job-temp-allocator-reduction-small-platforms=262144"
    "memorysetup-temp-allocator-size-background-worker=32768"
    "memorysetup-temp-allocator-size-job-worker=262144"
    "memorysetup-temp-allocator-size-preload-manager=33554432"
    "memorysetup-temp-allocator-size-nav-mesh-worker=65536"
    "memorysetup-temp-allocator-size-audio-worker=65536"
    "memorysetup-temp-allocator-size-cloud-worker=32768"
    "memorysetup-temp-allocator-size-gi-baking-worker=262144"
    "memorysetup-temp-allocator-size-gfx=262144"
Refreshing native plugins compatible for Editor in 107.81 ms, found 3 plugins.
Preloading 0 native plugins for Editor in 0.00 ms.
Initialize engine version: 2021.3.11f1 (0a5ca18544bf)
[Subsystems] Discovering subsystems at path C:/Program Files/Unity/Hub/Editor/2021.3.11f1/Editor/Data/Resources/UnitySubsystems
[Subsystems] Discovering subsystems at path C:/unity/ScriptableObject/ScriptableObjects/Assets
GfxDevice: creating device client; threaded=0; jobified=0
Direct3D:
    Version:  Direct3D 11.0 [level 11.1]
    Renderer: NVIDIA GeForce RTX 3060 Laptop GPU (ID=0x2520)
    Vendor:   NVIDIA
    VRAM:     6023 MB
    Driver:   30.0.15.1259
Initialize mono
Mono path[0] = 'C:/Program Files/Unity/Hub/Editor/2021.3.11f1/Editor/Data/Managed'
Mono path[1] = 'C:/Program Files/Unity/Hub/Editor/2021.3.11f1/Editor/Data/MonoBleedingEdge/lib/mono/unityjit-win32'
Mono config path = 'C:/Program Files/Unity/Hub/Editor/2021.3.11f1/Editor/Data/MonoBleedingEdge/etc'
Using monoOptions --debugger-agent=transport=dt_socket,embedding=1,server=y,suspend=n,address=127.0.0.1:56680
Begin MonoManager ReloadAssembly
Registering precompiled unity dll's ...
Register platform support module: C:/Program Files/Unity/Hub/Editor/2021.3.11f1/Editor/Data/PlaybackEngines/AndroidPlayer/UnityEditor.Android.Extensions.dll
Register platform support module: C:/Program Files/Unity/Hub/Editor/2021.3.11f1/Editor/Data/PlaybackEngines/WindowsStandaloneSupport/UnityEditor.WindowsStandalone.Extensions.dll
Registered in 0.010941 seconds.
Native extension for WindowsStandalone target not found
Native extension for Android target not found
Refreshing native plugins compatible for Editor in 107.10 ms, found 3 plugins.
Preloading 0 native plugins for Editor in 0.00 ms.
Mono: successfully reloaded assembly
- Completed reload, in  0.905 seconds
Domain Reload Profiling:
	ReloadAssembly (905ms)
		BeginReloadAssembly (142ms)
			ExecutionOrderSort (0ms)
			DisableScriptedObjects (0ms)
			BackupInstance (0ms)
			ReleaseScriptingObjects (0ms)
			CreateAndSetChildDomain (1ms)
		EndReloadAssembly (608ms)
			LoadAssemblies (140ms)
			RebuildTransferFunctionScriptingTraits (0ms)
			SetupTypeCache (137ms)
			ReleaseScriptCaches (0ms)
			RebuildScriptCaches (42ms)
			SetupLoadedEditorAssemblies (364ms)
				LogAssemblyErrors (0ms)
				InitializePlatformSupportModulesInManaged (75ms)
				SetLoadedEditorAssemblies (0ms)
				RefreshPlugins (107ms)
				BeforeProcessingInitializeOnLoad (3ms)
				ProcessInitializeOnLoadAttributes (122ms)
				ProcessInitializeOnLoadMethodAttributes (57ms)
				AfterProcessingInitializeOnLoad (0ms)
				EditorAssembliesLoaded (0ms)
			ExecutionOrderSort2 (0ms)
			AwakeInstancesAfterBackupRestoration (0ms)
Platform modules already initialized, skipping
Registering precompiled user dll's ...
Registered in 0.021327 seconds.
Begin MonoManager ReloadAssembly
Symbol file LoadedFromMemory doesn't match image C:\unity\ScriptableObject\ScriptableObjects\Library\PackageCache\com.unity.visualscripting@1.7.8\Editor\VisualScripting.Core\Dependencies\YamlDotNet\Unity.VisualScripting.YamlDotNet.dll
Symbol file LoadedFromMemory doesn't match image C:\unity\ScriptableObject\ScriptableObjects\Library\PackageCache\com.unity.visualscripting@1.7.8\Editor\VisualScripting.Core\Dependencies\DotNetZip\Unity.VisualScripting.IonicZip.dll
Native extension for WindowsStandalone target not found
Native extension for Android target not found
Refreshing native plugins compatible for Editor in 0.76 ms, found 3 plugins.
Preloading 0 native plugins for Editor in 0.00 ms.
Mono: successfully reloaded assembly
- Completed reload, in  1.574 seconds
Domain Reload Profiling:
	ReloadAssembly (1575ms)
		BeginReloadAssembly (275ms)
			ExecutionOrderSort (0ms)
			DisableScriptedObjects (8ms)
			BackupInstance (0ms)
			ReleaseScriptingObjects (0ms)
			CreateAndSetChildDomain (151ms)
		EndReloadAssembly (1143ms)
			LoadAssemblies (150ms)
			RebuildTransferFunctionScriptingTraits (0ms)
			SetupTypeCache (333ms)
			ReleaseScriptCaches (1ms)
			RebuildScriptCaches (66ms)
			SetupLoadedEditorAssemblies (546ms)
				LogAssemblyErrors (0ms)
				InitializePlatformSupportModulesInManaged (28ms)
				SetLoadedEditorAssemblies (1ms)
				RefreshPlugins (1ms)
				BeforeProcessingInitializeOnLoad (130ms)
				ProcessInitializeOnLoadAttributes (336ms)
				ProcessInitializeOnLoadMethodAttributes (41ms)
				AfterProcessingInitializeOnLoad (9ms)
				EditorAssembliesLoaded (0ms)
			ExecutionOrderSort2 (0ms)
			AwakeInstancesAfterBackupRestoration (8ms)
Platform modules already initialized, skipping
========================================================================
Worker process is ready to serve import requests
Launched and connected shader compiler UnityShaderCompiler.exe after 0.07 seconds
Refreshing native plugins compatible for Editor in 0.71 ms, found 3 plugins.
Preloading 0 native plugins for Editor in 0.00 ms.
Unloading 3380 Unused Serialized files (Serialized files now loaded: 0)
Unloading 27 unused Assets / (113.5 KB). Loaded Objects now: 3839.
Memory consumption went from 116.3 MB to 116.1 MB.
Total: 4.228200 ms (FindLiveObjects: 0.411200 ms CreateObjectMapping: 0.158400 ms MarkObjects: 3.523000 ms  DeleteObjects: 0.134100 ms)

AssetImportParameters requested are different than current active one (requested -> active):
  custom:video-decoder-ogg-theora: a1e56fd34408186e4bbccfd4996cb3dc -> 
  custom:container-muxer-webm: aa71ff27fc2769a1b78a27578f13a17b -> 
  custom:container-demuxer-webm: 4f35f7cbe854078d1ac9338744f61a02 -> 
  custom:video-encoder-webm-vp8: eb34c28f22e8b96e1ab97ce403110664 -> 
  custom:audio-encoder-webm-vorbis: bf7c407c2cedff20999df2af8eb42d56 -> 
  custom:framework-win-MediaFoundation: 216162199b28c13a410421893ffa2e32 -> 
  custom:container-demuxer-ogg: 62fdf1f143b41e24485cea50d1cbac27 -> 
  custom:video-decoder-webm-vp8: 9c59270c3fd7afecdb556c50c9e8de78 -> 
  custom:audio-decoder-ogg-vorbis: bf7c407c2cedff20999df2af8eb42d56 -> 
========================================================================
Received Import Request.
  Time since last request: 4373975.693942 seconds.
  path: Assets
  artifactKey: Guid(00000000000000001000000000000000) Importer(815301076,1909f56bfc062723c751e8b465ee728b)
Start importing Assets using Guid(00000000000000001000000000000000) Importer(815301076,1909f56bfc062723c751e8b465ee728b)  -> (artifact id: '79842766b460edbeab6a34051e857a80') in 0.014990 seconds 
========================================================================
Received Import Request.
  Time since last request: 13.483234 seconds.
  path: Assets/Script
  artifactKey: Guid(85c914c8571a7084d803ea38ac343368) Importer(815301076,1909f56bfc062723c751e8b465ee728b)
Start importing Assets/Script using Guid(85c914c8571a7084d803ea38ac343368) Importer(815301076,1909f56bfc062723c751e8b465ee728b)  -> (artifact id: '7ecbc21dfc1b1b6d8490051ea93a0311') in 0.008875 seconds 
========================================================================
Received Import Request.
  Time since last request: 38.085803 seconds.
  path: Assets/Scenes
  artifactKey: Guid(6ea315d0fd7389c41b19996891e99ae3) Importer(815301076,1909f56bfc062723c751e8b465ee728b)
Start importing Assets/Scenes using Guid(6ea315d0fd7389c41b19996891e99ae3) Importer(815301076,1909f56bfc062723c751e8b465ee728b)  -> (artifact id: 'b8193726cff86800c54781cdc6d54904') in 0.011821 seconds 
========================================================================
Received Import Request.
  Time since last request: 78.809950 seconds.
  path: Assets/Script/TrainingSelectorManager.cs
  artifactKey: Guid(81e3fd3fdeedb9a4d94b85d74f4935c4) Importer(815301076,1909f56bfc062723c751e8b465ee728b)
Start importing Assets/Script/TrainingSelectorManager.cs using Guid(81e3fd3fdeedb9a4d94b85d74f4935c4) Importer(815301076,1909f56bfc062723c751e8b465ee728b)  -> (artifact id: 'c6ab5bef235adcd84133eec4470d4262') in 0.080941 seconds 
========================================================================
Received Import Request.
  Time since last request: 119.908187 seconds.
  path: Assets/Script/ExtinguisherIdentifier.cs
  artifactKey: Guid(3868ce41c3dff9e418fb7165db7dbc3c) Importer(815301076,1909f56bfc062723c751e8b465ee728b)
Start importing Assets/Script/ExtinguisherIdentifier.cs using Guid(3868ce41c3dff9e418fb7165db7dbc3c) Importer(815301076,1909f56bfc062723c751e8b465ee728b)  -> (artifact id: '3dd8030f280b6eb0434544cfa75bf89d') in 0.010080 seconds 
========================================================================
Received Import Request.
  Time since last request: 6.396812 seconds.
  path: Assets/Script/ReportCardButtons.cs
  artifactKey: Guid(9eb2787f3a7f9e84c9cfdab31c0fd8a3) Importer(815301076,1909f56bfc062723c751e8b465ee728b)
Start importing Assets/Script/ReportCardButtons.cs using Guid(9eb2787f3a7f9e84c9cfdab31c0fd8a3) Importer(815301076,1909f56bfc062723c751e8b465ee728b)  -> (artifact id: '0114df482872b73feaa2486e61f43dcf') in 0.008150 seconds 
========================================================================
Received Import Request.
  Time since last request: 8.909964 seconds.
  path: Assets/Script/RunCustomScenarios.cs
  artifactKey: Guid(4f5c20c889cbc994e9a6d8faca6a531a) Importer(815301076,1909f56bfc062723c751e8b465ee728b)
Start importing Assets/Script/RunCustomScenarios.cs using Guid(4f5c20c889cbc994e9a6d8faca6a531a) Importer(815301076,1909f56bfc062723c751e8b465ee728b)  -> (artifact id: '1fec65bdfe6640ba3a1e7969ce412a52') in 0.008516 seconds 
========================================================================
Received Import Request.
  Time since last request: 81.383424 seconds.
  path: Assets/Script/ScenarioScenes.cs
  artifactKey: Guid(3487d13e83291df4e90b6e608222c68e) Importer(815301076,1909f56bfc062723c751e8b465ee728b)
Start importing Assets/Script/ScenarioScenes.cs using Guid(3487d13e83291df4e90b6e608222c68e) Importer(815301076,1909f56bfc062723c751e8b465ee728b)  -> (artifact id: '4491450ab06ea8caf98ec0c09ebd6eaa') in 0.009098 seconds 
========================================================================
Received Import Request.
  Time since last request: 131.778332 seconds.
  path: Assets/Script/ExtinguisherType.cs
  artifactKey: Guid(87126082772f60247b384fb7cf695b3d) Importer(815301076,1909f56bfc062723c751e8b465ee728b)
Start importing Assets/Script/ExtinguisherType.cs using Guid(87126082772f60247b384fb7cf695b3d) Importer(815301076,1909f56bfc062723c751e8b465ee728b)  -> (artifact id: '7a6116c77e24899ef5e3b45b3dfb7e79') in 0.010863 seconds 
========================================================================
Received Import Request.
  Time since last request: 65.741833 seconds.
  path: Assets/Script/FireType.cs
  artifactKey: Guid(58b3f01d719105243b557d7ce82dce7c) Importer(815301076,1909f56bfc062723c751e8b465ee728b)
Start importing Assets/Script/FireType.cs using Guid(58b3f01d719105243b557d7ce82dce7c) Importer(815301076,1909f56bfc062723c751e8b465ee728b)  -> (artifact id: '6327dfa324ebf7b2bfde8a64ecd66b89') in 0.009396 seconds 
========================================================================
Received Import Request.
  Time since last request: 57.287655 seconds.
  path: Assets/Script/ReportCardStates.cs
  artifactKey: Guid(6f46db78cbadc8a49976bd53d7231617) Importer(815301076,1909f56bfc062723c751e8b465ee728b)
Start importing Assets/Script/ReportCardStates.cs using Guid(6f46db78cbadc8a49976bd53d7231617) Importer(815301076,1909f56bfc062723c751e8b465ee728b)  -> (artifact id: 'c51cd6453b8f5f3e49302ccf43004a64') in 0.009383 seconds 
========================================================================
Received Import Request.
  Time since last request: 81.805914 seconds.
  path: Assets/Script/ScenarioRecord.cs
  artifactKey: Guid(486df235e42cfd14ebbd4e7fa6cb71ea) Importer(815301076,1909f56bfc062723c751e8b465ee728b)
Start importing Assets/Script/ScenarioRecord.cs using Guid(486df235e42cfd14ebbd4e7fa6cb71ea) Importer(815301076,1909f56bfc062723c751e8b465ee728b)  -> (artifact id: '8ace69331272bd7dd8d5be1796ae0e0a') in 0.009985 seconds 
========================================================================
Received Import Request.
  Time since last request: 89.713683 seconds.
  path: Assets/Script/CompanyScript
  artifactKey: Guid(f47c594e62166734091b1a16fb4e7a47) Importer(815301076,1909f56bfc062723c751e8b465ee728b)
Start importing Assets/Script/CompanyScript using Guid(f47c594e62166734091b1a16fb4e7a47) Importer(815301076,1909f56bfc062723c751e8b465ee728b)  -> (artifact id: 'e37c77bf75174a405ccff3ae4a608881') in 0.009832 seconds 
========================================================================
Received Import Request.
  Time since last request: 7.793456 seconds.
  path: Assets/Script/CompanyScript/SceneLoader.cs
  artifactKey: Guid(f4f87e6705a49614aa9eab501519c6e1) Importer(815301076,1909f56bfc062723c751e8b465ee728b)
Start importing Assets/Script/CompanyScript/SceneLoader.cs using Guid(f4f87e6705a49614aa9eab501519c6e1) Importer(815301076,1909f56bfc062723c751e8b465ee728b)  -> (artifact id: 'fc75c2a6365a491e41c89ecc3357cdfd') in 0.007962 seconds 
========================================================================
Received Import Request.
  Time since last request: 57.124576 seconds.
  path: Assets/Script/CompanyScript/SkillsTestScenarioGrading.cs
  artifactKey: Guid(5a0a2b1979dce13409d7d0b6a7ed5cf7) Importer(815301076,1909f56bfc062723c751e8b465ee728b)
Start importing Assets/Script/CompanyScript/SkillsTestScenarioGrading.cs using Guid(5a0a2b1979dce13409d7d0b6a7ed5cf7) Importer(815301076,1909f56bfc062723c751e8b465ee728b)  -> (artifact id: '34b3ba7fe02f746a579077eac131171a') in 0.009323 seconds 
========================================================================
Received Import Request.
  Time since last request: 41.136187 seconds.
  path: Assets/Script/CompanyScript/SafetyPinController.cs
  artifactKey: Guid(89313e50cca5a5a4a9fd26a3693c8a9d) Importer(815301076,1909f56bfc062723c751e8b465ee728b)
Start importing Assets/Script/CompanyScript/SafetyPinController.cs using Guid(89313e50cca5a5a4a9fd26a3693c8a9d) Importer(815301076,1909f56bfc062723c751e8b465ee728b)  -> (artifact id: 'bda974cf238c941e53faa1920da98829') in 0.009337 seconds 
========================================================================
Received Import Request.
  Time since last request: 65.830068 seconds.
  path: Assets/Script/CompanyScript/CurrentActiveScenario.cs
  artifactKey: Guid(bf456eb13023d2f4ba63d510511b43ac) Importer(815301076,1909f56bfc062723c751e8b465ee728b)
Start importing Assets/Script/CompanyScript/CurrentActiveScenario.cs using Guid(bf456eb13023d2f4ba63d510511b43ac) Importer(815301076,1909f56bfc062723c751e8b465ee728b)  -> (artifact id: 'a7a477ee6633ab88e111ebacff72969a') in 0.014370 seconds 
========================================================================
Received Import Request.
  Time since last request: 456.984772 seconds.
  path: Assets/Script/ExtinguisherType.cs
  artifactKey: Guid(87126082772f60247b384fb7cf695b3d) Importer(815301076,1909f56bfc062723c751e8b465ee728b)
Start importing Assets/Script/ExtinguisherType.cs using Guid(87126082772f60247b384fb7cf695b3d) Importer(815301076,1909f56bfc062723c751e8b465ee728b)  -> (artifact id: '5f1a51dfe2ebb2f5820b140f79f376b5') in 0.005664 seconds 
========================================================================
Received Import Request.
  Time since last request: 43.547707 seconds.
  path: Assets/Script/ExtinguisherType.cs
  artifactKey: Guid(87126082772f60247b384fb7cf695b3d) Importer(815301076,1909f56bfc062723c751e8b465ee728b)
Start importing Assets/Script/ExtinguisherType.cs using Guid(87126082772f60247b384fb7cf695b3d) Importer(815301076,1909f56bfc062723c751e8b465ee728b)  -> (artifact id: '1312f53c2cdd08129d3df6d6e8c21bef') in 0.002333 seconds 
========================================================================
Received Import Request.
  Time since last request: 110.361513 seconds.
  path: Assets/Script/ExtinguisherType.cs
  artifactKey: Guid(87126082772f60247b384fb7cf695b3d) Importer(815301076,1909f56bfc062723c751e8b465ee728b)
Start importing Assets/Script/ExtinguisherType.cs using Guid(87126082772f60247b384fb7cf695b3d) Importer(815301076,1909f56bfc062723c751e8b465ee728b)  -> (artifact id: '73d70a8a84b7ae3e38719575602010f4') in 0.002338 seconds 
========================================================================
Received Import Request.
  Time since last request: 206.584809 seconds.
  path: Assets/Script/ExtinguisherType.cs
  artifactKey: Guid(87126082772f60247b384fb7cf695b3d) Importer(815301076,1909f56bfc062723c751e8b465ee728b)
Start importing Assets/Script/ExtinguisherType.cs using Guid(87126082772f60247b384fb7cf695b3d) Importer(815301076,1909f56bfc062723c751e8b465ee728b)  -> (artifact id: '6d13ee0c72e1f76d4257b9848b114c4e') in 0.002232 seconds 
========================================================================
Received Import Request.
  Time since last request: 8.888904 seconds.
  path: Assets/Script/ExtinguisherType.cs
  artifactKey: Guid(87126082772f60247b384fb7cf695b3d) Importer(815301076,1909f56bfc062723c751e8b465ee728b)
Start importing Assets/Script/ExtinguisherType.cs using Guid(87126082772f60247b384fb7cf695b3d) Importer(815301076,1909f56bfc062723c751e8b465ee728b)  -> (artifact id: '19d70c3decb0bb701023c8723f2e708b') in 0.002333 seconds 
========================================================================
Received Import Request.
  Time since last request: 171.348974 seconds.
  path: Assets/Script/ExtinguisherType.cs
  artifactKey: Guid(87126082772f60247b384fb7cf695b3d) Importer(815301076,1909f56bfc062723c751e8b465ee728b)
Start importing Assets/Script/ExtinguisherType.cs using Guid(87126082772f60247b384fb7cf695b3d) Importer(815301076,1909f56bfc062723c751e8b465ee728b)  -> (artifact id: '7f271c5f84c792297236d85e6b8ae07b') in 0.002203 seconds 
========================================================================
Received Import Request.
  Time since last request: 255.782529 seconds.
  path: Assets/Vobling
  artifactKey: Guid(7bd5c55959c7a1f479f4a12f61b52b41) Importer(815301076,1909f56bfc062723c751e8b465ee728b)
Start importing Assets/Vobling using Guid(7bd5c55959c7a1f479f4a12f61b52b41) Importer(815301076,1909f56bfc062723c751e8b465ee728b)  -> (artifact id: '52737f03557c90b46b9a8fb5588fb7a4') in 0.007261 seconds 
========================================================================
Received Import Request.
  Time since last request: 31.402649 seconds.
  path: Assets/Vobling/Fires
  artifactKey: Guid(0206e4ca87f15f64fa5bb06f05585839) Importer(815301076,1909f56bfc062723c751e8b465ee728b)
Start importing Assets/Vobling/Fires using Guid(0206e4ca87f15f64fa5bb06f05585839) Importer(815301076,1909f56bfc062723c751e8b465ee728b)  -> (artifact id: '68456de69492d870bf02324e0a31095d') in 0.007268 seconds 
========================================================================
Received Import Request.
  Time since last request: 19.659517 seconds.
  path: Assets/Vobling/FireSimulator
  artifactKey: Guid(0206e4ca87f15f64fa5bb06f05585839) Importer(815301076,1909f56bfc062723c751e8b465ee728b)
Start importing Assets/Vobling/FireSimulator using Guid(0206e4ca87f15f64fa5bb06f05585839) Importer(815301076,1909f56bfc062723c751e8b465ee728b)  -> (artifact id: '907eacd38172c84abada07da74b8f361') in 0.008479 seconds 
========================================================================
Received Import Request.
  Time since last request: 34.273159 seconds.
  path: Assets/Vobling/FireSimulator/Scenarios
  artifactKey: Guid(fe352d863ce547849a154f00a0c9f485) Importer(815301076,1909f56bfc062723c751e8b465ee728b)
Start importing Assets/Vobling/FireSimulator/Scenarios using Guid(fe352d863ce547849a154f00a0c9f485) Importer(815301076,1909f56bfc062723c751e8b465ee728b)  -> (artifact id: '8f6390ec5a7d6d51a660fe5b00441028') in 0.006283 seconds 
========================================================================
Received Import Request.
  Time since last request: 51.017097 seconds.
  path: Assets/Script/ExtinguisherType.cs
  artifactKey: Guid(87126082772f60247b384fb7cf695b3d) Importer(815301076,1909f56bfc062723c751e8b465ee728b)
Start importing Assets/Script/ExtinguisherType.cs using Guid(87126082772f60247b384fb7cf695b3d) Importer(815301076,1909f56bfc062723c751e8b465ee728b)  -> (artifact id: 'e3f4b1ef095bd57578b50bf0ee185d14') in 0.002355 seconds 
========================================================================
Received Import Request.
  Time since last request: 241.022313 seconds.
  path: Assets/Script/CompanyScript/DescriptionKey.cs
  artifactKey: Guid(a10f546443fdc2b44bc21f5656d5e140) Importer(815301076,1909f56bfc062723c751e8b465ee728b)
Start importing Assets/Script/CompanyScript/DescriptionKey.cs using Guid(a10f546443fdc2b44bc21f5656d5e140) Importer(815301076,1909f56bfc062723c751e8b465ee728b)  -> (artifact id: '9a6b41d4cad806253a81ce308f3ae340') in 0.007012 seconds 
========================================================================
Received Import Request.
  Time since last request: 66.636923 seconds.
  path: Assets/Script/ExtinguisherType.cs
  artifactKey: Guid(87126082772f60247b384fb7cf695b3d) Importer(815301076,1909f56bfc062723c751e8b465ee728b)
Start importing Assets/Script/ExtinguisherType.cs using Guid(87126082772f60247b384fb7cf695b3d) Importer(815301076,1909f56bfc062723c751e8b465ee728b)  -> (artifact id: 'ccec3d18dbb35bd02133760c5ac7c602') in 0.006566 seconds 
========================================================================
Received Import Request.
  Time since last request: 380.933429 seconds.
  path: Assets/Script/CompanyScript/ExtinguisherType.cs
  artifactKey: Guid(87126082772f60247b384fb7cf695b3d) Importer(815301076,1909f56bfc062723c751e8b465ee728b)
Start importing Assets/Script/CompanyScript/ExtinguisherType.cs using Guid(87126082772f60247b384fb7cf695b3d) Importer(815301076,1909f56bfc062723c751e8b465ee728b)  -> (artifact id: '48a32f6387c10aa2d8cefd46bf8b7699') in 0.015311 seconds 
========================================================================
Received Import Request.
  Time since last request: 214.169951 seconds.
  path: Assets/Script/CompanyScript/DescriptionKey.cs
  artifactKey: Guid(a10f546443fdc2b44bc21f5656d5e140) Importer(815301076,1909f56bfc062723c751e8b465ee728b)
Start importing Assets/Script/CompanyScript/DescriptionKey.cs using Guid(a10f546443fdc2b44bc21f5656d5e140) Importer(815301076,1909f56bfc062723c751e8b465ee728b)  -> (artifact id: '735c33cb857b96742e02b730d47a8b12') in 0.006326 seconds 
========================================================================
Received Import Request.
  Time since last request: 79.150895 seconds.
  path: Assets/Script/CompanyScript/ReturnToMainMenuButton.cs
  artifactKey: Guid(5329c4f1b1c4bae4ebdcdba6da1a931f) Importer(815301076,1909f56bfc062723c751e8b465ee728b)
Start importing Assets/Script/CompanyScript/ReturnToMainMenuButton.cs using Guid(5329c4f1b1c4bae4ebdcdba6da1a931f) Importer(815301076,1909f56bfc062723c751e8b465ee728b)  -> (artifact id: '0b059cac5985be10ab85f467a9d0c655') in 0.006376 seconds 
========================================================================
Received Import Request.
  Time since last request: 37.280178 seconds.
  path: Assets/Script/CompanyScript/SnackbarHandler.cs
  artifactKey: Guid(4b04360a735d5a344bb0a7503e6ad735) Importer(815301076,1909f56bfc062723c751e8b465ee728b)
Start importing Assets/Script/CompanyScript/SnackbarHandler.cs using Guid(4b04360a735d5a344bb0a7503e6ad735) Importer(815301076,1909f56bfc062723c751e8b465ee728b)  -> (artifact id: '7c8f13440726e135f22b907bae91b6f1') in 0.006658 seconds 
========================================================================
Received Import Request.
  Time since last request: 31.486031 seconds.
  path: Assets/Script/CompanyScript/TrainingSummaryMenu.cs
  artifactKey: Guid(8ab50e0ab287cc14483407541538b166) Importer(815301076,1909f56bfc062723c751e8b465ee728b)
Start importing Assets/Script/CompanyScript/TrainingSummaryMenu.cs using Guid(8ab50e0ab287cc14483407541538b166) Importer(815301076,1909f56bfc062723c751e8b465ee728b)  -> (artifact id: 'c46d13eca8fcd7003b66fe5326066ef9') in 0.006246 seconds 
========================================================================
Received Import Request.
  Time since last request: 47.700672 seconds.
  path: Assets/Script/CompanyScript/private ReportCard reportCard.cs
  artifactKey: Guid(cd7b5072af169b14cadb70c12937f822) Importer(815301076,1909f56bfc062723c751e8b465ee728b)
Start importing Assets/Script/CompanyScript/private ReportCard reportCard.cs using Guid(cd7b5072af169b14cadb70c12937f822) Importer(815301076,1909f56bfc062723c751e8b465ee728b)  -> (artifact id: '5e1518c438fcf4739e107cab174e260a') in 0.006140 seconds 
========================================================================
Received Import Request.
  Time since last request: 14.693908 seconds.
  path: Assets/Script/CompanyScript/ReportCard.cs
  artifactKey: Guid(cd7b5072af169b14cadb70c12937f822) Importer(815301076,1909f56bfc062723c751e8b465ee728b)
Start importing Assets/Script/CompanyScript/ReportCard.cs using Guid(cd7b5072af169b14cadb70c12937f822) Importer(815301076,1909f56bfc062723c751e8b465ee728b)  -> (artifact id: 'fefb37d48319a173c7a1424396c6f712') in 0.011090 seconds 
========================================================================
Received Import Request.
  Time since last request: 57.299607 seconds.
  path: Assets/Script/CompanyScript/ReportCard.cs
  artifactKey: Guid(cd7b5072af169b14cadb70c12937f822) Importer(815301076,1909f56bfc062723c751e8b465ee728b)
Start importing Assets/Script/CompanyScript/ReportCard.cs using Guid(cd7b5072af169b14cadb70c12937f822) Importer(815301076,1909f56bfc062723c751e8b465ee728b)  -> (artifact id: 'cfa135e3dfc9682c6276ad879e04a267') in 0.003437 seconds 
========================================================================
Received Import Request.
  Time since last request: 64.891236 seconds.
  path: Assets/Script/CompanyScript/ReportCard.cs
  artifactKey: Guid(cd7b5072af169b14cadb70c12937f822) Importer(815301076,1909f56bfc062723c751e8b465ee728b)
Start importing Assets/Script/CompanyScript/ReportCard.cs using Guid(cd7b5072af169b14cadb70c12937f822) Importer(815301076,1909f56bfc062723c751e8b465ee728b)  -> (artifact id: '107a52afe3b8df99ae99f4e066d3b9ff') in 0.002148 seconds 
========================================================================
Received Import Request.
  Time since last request: 403.588163 seconds.
  path: Assets/Script/ExtinguisherIdentifier.cs
  artifactKey: Guid(3868ce41c3dff9e418fb7165db7dbc3c) Importer(815301076,1909f56bfc062723c751e8b465ee728b)
Start importing Assets/Script/ExtinguisherIdentifier.cs using Guid(3868ce41c3dff9e418fb7165db7dbc3c) Importer(815301076,1909f56bfc062723c751e8b465ee728b)  -> (artifact id: '2dd72fcc9cba9dad6a4140b85eef3473') in 0.006703 seconds 
========================================================================
Received Import Request.
  Time since last request: 43.461338 seconds.
  path: Assets/Script/RunCustomScenarios.cs
  artifactKey: Guid(4f5c20c889cbc994e9a6d8faca6a531a) Importer(815301076,1909f56bfc062723c751e8b465ee728b)
Start importing Assets/Script/RunCustomScenarios.cs using Guid(4f5c20c889cbc994e9a6d8faca6a531a) Importer(815301076,1909f56bfc062723c751e8b465ee728b)  -> (artifact id: '9069f8c43be902e89eb51098f9969657') in 0.011241 seconds 
========================================================================
Received Import Request.
  Time since last request: 16.758943 seconds.
  path: Assets/Script/RunRandomScenes.cs
  artifactKey: Guid(5cdd4be613e64a44b8bfaa6fd340f6ea) Importer(815301076,1909f56bfc062723c751e8b465ee728b)
Start importing Assets/Script/RunRandomScenes.cs using Guid(5cdd4be613e64a44b8bfaa6fd340f6ea) Importer(815301076,1909f56bfc062723c751e8b465ee728b)  -> (artifact id: '346ed1a636014a6b6579c883ab20f351') in 0.007964 seconds 
========================================================================
Received Import Request.
  Time since last request: 70.576165 seconds.
  path: Assets/Script/RunRandomScenes.cs
  artifactKey: Guid(5cdd4be613e64a44b8bfaa6fd340f6ea) Importer(815301076,1909f56bfc062723c751e8b465ee728b)
Start importing Assets/Script/RunRandomScenes.cs using Guid(5cdd4be613e64a44b8bfaa6fd340f6ea) Importer(815301076,1909f56bfc062723c751e8b465ee728b)  -> (artifact id: '9163b955adca984886a7a7412e8b16ef') in 0.005547 seconds 
========================================================================
Received Import Request.
  Time since last request: 61.243782 seconds.
  path: Assets/Script/ShowRightExtinguishers.cs
  artifactKey: Guid(613ebb5f180b6dc4c812b3e6d356248e) Importer(815301076,1909f56bfc062723c751e8b465ee728b)
Start importing Assets/Script/ShowRightExtinguishers.cs using Guid(613ebb5f180b6dc4c812b3e6d356248e) Importer(815301076,1909f56bfc062723c751e8b465ee728b)  -> (artifact id: 'a6d78fd0fa985e728e12ce5376ee7c9c') in 0.016450 seconds 
========================================================================
Received Import Request.
  Time since last request: 27.347413 seconds.
  path: Assets/Script/ShowRightExtinguishers.cs
  artifactKey: Guid(613ebb5f180b6dc4c812b3e6d356248e) Importer(815301076,1909f56bfc062723c751e8b465ee728b)
Start importing Assets/Script/ShowRightExtinguishers.cs using Guid(613ebb5f180b6dc4c812b3e6d356248e) Importer(815301076,1909f56bfc062723c751e8b465ee728b)  -> (artifact id: '8d725e9dc52d5ef25c4cb94bd60328c0') in 0.002262 seconds 
========================================================================
Received Import Request.
  Time since last request: 2.908154 seconds.
  path: Assets/Script/TrainingCourseData.cs
  artifactKey: Guid(f671cde04b7acc14c97f23b4d2725f4a) Importer(815301076,1909f56bfc062723c751e8b465ee728b)
Start importing Assets/Script/TrainingCourseData.cs using Guid(f671cde04b7acc14c97f23b4d2725f4a) Importer(815301076,1909f56bfc062723c751e8b465ee728b)  -> (artifact id: '3dbfa07e143228412a4dff2955fa12d1') in 0.007694 seconds 
========================================================================
Received Import Request.
  Time since last request: 234.547613 seconds.
  path: Assets/Script/TrainingData.cs
  artifactKey: Guid(e4fc512a82d33a146843e51c846846ab) Importer(815301076,1909f56bfc062723c751e8b465ee728b)
Start importing Assets/Script/TrainingData.cs using Guid(e4fc512a82d33a146843e51c846846ab) Importer(815301076,1909f56bfc062723c751e8b465ee728b)  -> (artifact id: '15e3c0f404c527a28b3e3d16213fed99') in 0.007677 seconds 
========================================================================
Received Import Request.
  Time since last request: 23.449670 seconds.
  path: Assets/Script/TrainingData.cs
  artifactKey: Guid(e4fc512a82d33a146843e51c846846ab) Importer(815301076,1909f56bfc062723c751e8b465ee728b)
Start importing Assets/Script/TrainingData.cs using Guid(e4fc512a82d33a146843e51c846846ab) Importer(815301076,1909f56bfc062723c751e8b465ee728b)  -> (artifact id: 'b8f2bf9f030aa5dde3578cabaf242e36') in 0.002802 seconds 
========================================================================
Received Import Request.
  Time since last request: 2044.577590 seconds.
  path: Assets/Script/TrainingSelectorManager.cs
  artifactKey: Guid(81e3fd3fdeedb9a4d94b85d74f4935c4) Importer(815301076,1909f56bfc062723c751e8b465ee728b)
Start importing Assets/Script/TrainingSelectorManager.cs using Guid(81e3fd3fdeedb9a4d94b85d74f4935c4) Importer(815301076,1909f56bfc062723c751e8b465ee728b)  -> (artifact id: 'a9246d7472dde23c4975e002cb0b580b') in 0.015146 seconds 
========================================================================
Received Import Request.
  Time since last request: 514.080345 seconds.
  path: Assets/Script/ReportCardButtons.cs
  artifactKey: Guid(9eb2787f3a7f9e84c9cfdab31c0fd8a3) Importer(815301076,1909f56bfc062723c751e8b465ee728b)
Start importing Assets/Script/ReportCardButtons.cs using Guid(9eb2787f3a7f9e84c9cfdab31c0fd8a3) Importer(815301076,1909f56bfc062723c751e8b465ee728b)  -> (artifact id: 'ff6ac970498a129208711e5453dc5822') in 0.008822 seconds 
========================================================================
Received Import Request.
  Time since last request: 245.075003 seconds.
  path: Assets/Script/CompanyScript/ReportCard.cs
  artifactKey: Guid(cd7b5072af169b14cadb70c12937f822) Importer(815301076,1909f56bfc062723c751e8b465ee728b)
Start importing Assets/Script/CompanyScript/ReportCard.cs using Guid(cd7b5072af169b14cadb70c12937f822) Importer(815301076,1909f56bfc062723c751e8b465ee728b)  -> (artifact id: '48fed51b39a41ad4e2a2715ee2baf5c3') in 0.004119 seconds 
========================================================================
Received Import Request.
  Time since last request: 42.395316 seconds.
  path: Assets/Script/CompanyScript/ReportCard.cs
  artifactKey: Guid(cd7b5072af169b14cadb70c12937f822) Importer(815301076,1909f56bfc062723c751e8b465ee728b)
Start importing Assets/Script/CompanyScript/ReportCard.cs using Guid(cd7b5072af169b14cadb70c12937f822) Importer(815301076,1909f56bfc062723c751e8b465ee728b)  -> (artifact id: '8c180efdc35f784c59e1f76e1af21c48') in 0.003145 seconds 
========================================================================
Received Prepare
Registering precompiled user dll's ...
Registered in 0.006189 seconds.
Begin MonoManager ReloadAssembly
Symbol file LoadedFromMemory doesn't match image C:\unity\ScriptableObject\ScriptableObjects\Library\PackageCache\com.unity.visualscripting@1.7.8\Editor\VisualScripting.Core\Dependencies\YamlDotNet\Unity.VisualScripting.YamlDotNet.dll
Symbol file LoadedFromMemory doesn't match image C:\unity\ScriptableObject\ScriptableObjects\Library\PackageCache\com.unity.visualscripting@1.7.8\Editor\VisualScripting.Core\Dependencies\DotNetZip\Unity.VisualScripting.IonicZip.dll
Native extension for WindowsStandalone target not found
Native extension for Android target not found
Refreshing native plugins compatible for Editor in 0.72 ms, found 3 plugins.
Preloading 0 native plugins for Editor in 0.00 ms.
Mono: successfully reloaded assembly
- Completed reload, in  1.342 seconds
Domain Reload Profiling:
	ReloadAssembly (1344ms)
		BeginReloadAssembly (450ms)
			ExecutionOrderSort (0ms)
			DisableScriptedObjects (21ms)
			BackupInstance (0ms)
			ReleaseScriptingObjects (0ms)
			CreateAndSetChildDomain (129ms)
		EndReloadAssembly (785ms)
			LoadAssemblies (140ms)
			RebuildTransferFunctionScriptingTraits (0ms)
			SetupTypeCache (287ms)
			ReleaseScriptCaches (2ms)
			RebuildScriptCaches (44ms)
			SetupLoadedEditorAssemblies (323ms)
				LogAssemblyErrors (0ms)
				InitializePlatformSupportModulesInManaged (26ms)
				SetLoadedEditorAssemblies (1ms)
				RefreshPlugins (1ms)
				BeforeProcessingInitializeOnLoad (65ms)
				ProcessInitializeOnLoadAttributes (195ms)
				ProcessInitializeOnLoadMethodAttributes (28ms)
				AfterProcessingInitializeOnLoad (7ms)
				EditorAssembliesLoaded (0ms)
			ExecutionOrderSort2 (0ms)
			AwakeInstancesAfterBackupRestoration (6ms)
Platform modules already initialized, skipping
Refreshing native plugins compatible for Editor in 3.05 ms, found 3 plugins.
Preloading 0 native plugins for Editor in 0.00 ms.
Unloading 3397 Unused Serialized files (Serialized files now loaded: 0)
Unloading 20 unused Assets / (79.8 KB). Loaded Objects now: 3864.
Memory consumption went from 116.8 MB to 116.8 MB.
Total: 6.411000 ms (FindLiveObjects: 0.287600 ms CreateObjectMapping: 0.101700 ms MarkObjects: 5.847300 ms  DeleteObjects: 0.173200 ms)

AssetImportParameters requested are different than current active one (requested -> active):
  custom:video-decoder-ogg-theora: a1e56fd34408186e4bbccfd4996cb3dc -> 
  custom:container-muxer-webm: aa71ff27fc2769a1b78a27578f13a17b -> 
  custom:container-demuxer-webm: 4f35f7cbe854078d1ac9338744f61a02 -> 
  custom:video-encoder-webm-vp8: eb34c28f22e8b96e1ab97ce403110664 -> 
  custom:audio-encoder-webm-vorbis: bf7c407c2cedff20999df2af8eb42d56 -> 
  custom:framework-win-MediaFoundation: 216162199b28c13a410421893ffa2e32 -> 
  custom:container-demuxer-ogg: 62fdf1f143b41e24485cea50d1cbac27 -> 
  custom:video-decoder-webm-vp8: 9c59270c3fd7afecdb556c50c9e8de78 -> 
  custom:audio-decoder-ogg-vorbis: bf7c407c2cedff20999df2af8eb42d56 -> 
========================================================================
Received Import Request.
  Time since last request: 214.432303 seconds.
  path: Assets/ScriptableObject/New scenario.asset
  artifactKey: Guid(34f84832e23d6f34195fab828c38efd3) Importer(815301076,1909f56bfc062723c751e8b465ee728b)
Start importing Assets/ScriptableObject/New scenario.asset using Guid(34f84832e23d6f34195fab828c38efd3) Importer(815301076,1909f56bfc062723c751e8b465ee728b)  -> (artifact id: '973511c91b52c983a20d08f4903e9414') in 0.076409 seconds 
========================================================================
Received Import Request.
  Time since last request: 7.319772 seconds.
  path: Assets/ScriptableObject/New Scenario.asset
  artifactKey: Guid(34f84832e23d6f34195fab828c38efd3) Importer(815301076,1909f56bfc062723c751e8b465ee728b)
Start importing Assets/ScriptableObject/New Scenario.asset using Guid(34f84832e23d6f34195fab828c38efd3) Importer(815301076,1909f56bfc062723c751e8b465ee728b)  -> (artifact id: '95053215fffc4b5dcb97e82ae355f5a6') in 0.007828 seconds 
========================================================================
Received Import Request.
  Time since last request: 55.915918 seconds.
  path: Assets/Script/NewBehaviourScript.cs
  artifactKey: Guid(06a4c9dc024b8c34f9e981c58ddd9276) Importer(815301076,1909f56bfc062723c751e8b465ee728b)
Start importing Assets/Script/NewBehaviourScript.cs using Guid(06a4c9dc024b8c34f9e981c58ddd9276) Importer(815301076,1909f56bfc062723c751e8b465ee728b)  -> (artifact id: '13a6ed08d036e379377438b5a6247482') in 0.007458 seconds 
========================================================================
Received Prepare
Registering precompiled user dll's ...
Registered in 0.004420 seconds.
Begin MonoManager ReloadAssembly
Symbol file LoadedFromMemory doesn't match image C:\unity\ScriptableObject\ScriptableObjects\Library\PackageCache\com.unity.visualscripting@1.7.8\Editor\VisualScripting.Core\Dependencies\YamlDotNet\Unity.VisualScripting.YamlDotNet.dll
Symbol file LoadedFromMemory doesn't match image C:\unity\ScriptableObject\ScriptableObjects\Library\PackageCache\com.unity.visualscripting@1.7.8\Editor\VisualScripting.Core\Dependencies\DotNetZip\Unity.VisualScripting.IonicZip.dll
Native extension for WindowsStandalone target not found
Native extension for Android target not found
Refreshing native plugins compatible for Editor in 0.62 ms, found 3 plugins.
Preloading 0 native plugins for Editor in 0.00 ms.
Mono: successfully reloaded assembly
- Completed reload, in  1.056 seconds
Domain Reload Profiling:
	ReloadAssembly (1056ms)
		BeginReloadAssembly (143ms)
			ExecutionOrderSort (0ms)
			DisableScriptedObjects (6ms)
			BackupInstance (0ms)
			ReleaseScriptingObjects (0ms)
			CreateAndSetChildDomain (43ms)
		EndReloadAssembly (816ms)
			LoadAssemblies (102ms)
			RebuildTransferFunctionScriptingTraits (0ms)
			SetupTypeCache (311ms)
			ReleaseScriptCaches (2ms)
			RebuildScriptCaches (39ms)
			SetupLoadedEditorAssemblies (323ms)
				LogAssemblyErrors (0ms)
				InitializePlatformSupportModulesInManaged (23ms)
				SetLoadedEditorAssemblies (0ms)
				RefreshPlugins (1ms)
				BeforeProcessingInitializeOnLoad (66ms)
				ProcessInitializeOnLoadAttributes (200ms)
				ProcessInitializeOnLoadMethodAttributes (26ms)
				AfterProcessingInitializeOnLoad (6ms)
				EditorAssembliesLoaded (0ms)
			ExecutionOrderSort2 (0ms)
			AwakeInstancesAfterBackupRestoration (6ms)
Platform modules already initialized, skipping
Refreshing native plugins compatible for Editor in 1.67 ms, found 3 plugins.
Preloading 0 native plugins for Editor in 0.00 ms.
Unloading 3397 Unused Serialized files (Serialized files now loaded: 0)
Unloading 20 unused Assets / (79.8 KB). Loaded Objects now: 3868.
Memory consumption went from 116.9 MB to 116.8 MB.
Total: 2.929800 ms (FindLiveObjects: 0.306100 ms CreateObjectMapping: 0.114800 ms MarkObjects: 2.419900 ms  DeleteObjects: 0.087600 ms)

AssetImportParameters requested are different than current active one (requested -> active):
  custom:video-decoder-ogg-theora: a1e56fd34408186e4bbccfd4996cb3dc -> 
  custom:container-muxer-webm: aa71ff27fc2769a1b78a27578f13a17b -> 
  custom:container-demuxer-webm: 4f35f7cbe854078d1ac9338744f61a02 -> 
  custom:video-encoder-webm-vp8: eb34c28f22e8b96e1ab97ce403110664 -> 
  custom:audio-encoder-webm-vorbis: bf7c407c2cedff20999df2af8eb42d56 -> 
  custom:framework-win-MediaFoundation: 216162199b28c13a410421893ffa2e32 -> 
  custom:container-demuxer-ogg: 62fdf1f143b41e24485cea50d1cbac27 -> 
  custom:video-decoder-webm-vp8: 9c59270c3fd7afecdb556c50c9e8de78 -> 
  custom:audio-decoder-ogg-vorbis: bf7c407c2cedff20999df2af8eb42d56 -> 
========================================================================
Received Import Request.
  Time since last request: 96.151063 seconds.
  path: Assets/Script/CompanyScript/FireType.cs
  artifactKey: Guid(58b3f01d719105243b557d7ce82dce7c) Importer(815301076,1909f56bfc062723c751e8b465ee728b)
Start importing Assets/Script/CompanyScript/FireType.cs using Guid(58b3f01d719105243b557d7ce82dce7c) Importer(815301076,1909f56bfc062723c751e8b465ee728b)  -> (artifact id: 'b5d0b580d3feb2d0194703c46f01abb0') in 0.016283 seconds 
========================================================================
Received Prepare
Registering precompiled user dll's ...
Registered in 0.005770 seconds.
Begin MonoManager ReloadAssembly
Symbol file LoadedFromMemory doesn't match image C:\unity\ScriptableObject\ScriptableObjects\Library\PackageCache\com.unity.visualscripting@1.7.8\Editor\VisualScripting.Core\Dependencies\YamlDotNet\Unity.VisualScripting.YamlDotNet.dll
Symbol file LoadedFromMemory doesn't match image C:\unity\ScriptableObject\ScriptableObjects\Library\PackageCache\com.unity.visualscripting@1.7.8\Editor\VisualScripting.Core\Dependencies\DotNetZip\Unity.VisualScripting.IonicZip.dll
Native extension for WindowsStandalone target not found
Native extension for Android target not found
Refreshing native plugins compatible for Editor in 0.71 ms, found 3 plugins.
Preloading 0 native plugins for Editor in 0.00 ms.
Mono: successfully reloaded assembly
- Completed reload, in  1.036 seconds
Domain Reload Profiling:
	ReloadAssembly (1037ms)
		BeginReloadAssembly (136ms)
			ExecutionOrderSort (0ms)
			DisableScriptedObjects (6ms)
			BackupInstance (0ms)
			ReleaseScriptingObjects (0ms)
			CreateAndSetChildDomain (39ms)
		EndReloadAssembly (801ms)
			LoadAssemblies (91ms)
			RebuildTransferFunctionScriptingTraits (0ms)
			SetupTypeCache (303ms)
			ReleaseScriptCaches (2ms)
			RebuildScriptCaches (39ms)
			SetupLoadedEditorAssemblies (325ms)
				LogAssemblyErrors (0ms)
				InitializePlatformSupportModulesInManaged (24ms)
				SetLoadedEditorAssemblies (1ms)
				RefreshPlugins (1ms)
				BeforeProcessingInitializeOnLoad (62ms)
				ProcessInitializeOnLoadAttributes (196ms)
				ProcessInitializeOnLoadMethodAttributes (35ms)
				AfterProcessingInitializeOnLoad (7ms)
				EditorAssembliesLoaded (0ms)
			ExecutionOrderSort2 (0ms)
			AwakeInstancesAfterBackupRestoration (6ms)
Platform modules already initialized, skipping
Refreshing native plugins compatible for Editor in 1.92 ms, found 3 plugins.
Preloading 0 native plugins for Editor in 0.00 ms.
Unloading 3397 Unused Serialized files (Serialized files now loaded: 0)
Unloading 20 unused Assets / (79.8 KB). Loaded Objects now: 3871.
Memory consumption went from 117.0 MB to 116.9 MB.
Total: 3.193900 ms (FindLiveObjects: 0.319400 ms CreateObjectMapping: 0.122700 ms MarkObjects: 2.643300 ms  DeleteObjects: 0.107400 ms)

AssetImportParameters requested are different than current active one (requested -> active):
  custom:video-decoder-ogg-theora: a1e56fd34408186e4bbccfd4996cb3dc -> 
  custom:container-muxer-webm: aa71ff27fc2769a1b78a27578f13a17b -> 
  custom:container-demuxer-webm: 4f35f7cbe854078d1ac9338744f61a02 -> 
  custom:video-encoder-webm-vp8: eb34c28f22e8b96e1ab97ce403110664 -> 
  custom:audio-encoder-webm-vorbis: bf7c407c2cedff20999df2af8eb42d56 -> 
  custom:framework-win-MediaFoundation: 216162199b28c13a410421893ffa2e32 -> 
  custom:container-demuxer-ogg: 62fdf1f143b41e24485cea50d1cbac27 -> 
  custom:video-decoder-webm-vp8: 9c59270c3fd7afecdb556c50c9e8de78 -> 
  custom:audio-decoder-ogg-vorbis: bf7c407c2cedff20999df2af8eb42d56 -> 
========================================================================
Received Import Request.
  Time since last request: 67.661309 seconds.
  path: Assets/Script/CompanyScript/ExtinguisherType.cs
  artifactKey: Guid(87126082772f60247b384fb7cf695b3d) Importer(815301076,1909f56bfc062723c751e8b465ee728b)
Start importing Assets/Script/CompanyScript/ExtinguisherType.cs using Guid(87126082772f60247b384fb7cf695b3d) Importer(815301076,1909f56bfc062723c751e8b465ee728b)  -> (artifact id: '283373b2e464716cd6bcc0bbdb6d51d4') in 0.012681 seconds 
========================================================================
Received Prepare
Registering precompiled user dll's ...
Registered in 0.005147 seconds.
Begin MonoManager ReloadAssembly
Symbol file LoadedFromMemory doesn't match image C:\unity\ScriptableObject\ScriptableObjects\Library\PackageCache\com.unity.visualscripting@1.7.8\Editor\VisualScripting.Core\Dependencies\YamlDotNet\Unity.VisualScripting.YamlDotNet.dll
Symbol file LoadedFromMemory doesn't match image C:\unity\ScriptableObject\ScriptableObjects\Library\PackageCache\com.unity.visualscripting@1.7.8\Editor\VisualScripting.Core\Dependencies\DotNetZip\Unity.VisualScripting.IonicZip.dll
Native extension for WindowsStandalone target not found
Native extension for Android target not found
Refreshing native plugins compatible for Editor in 0.73 ms, found 3 plugins.
Preloading 0 native plugins for Editor in 0.00 ms.
Mono: successfully reloaded assembly
- Completed reload, in  1.140 seconds
Domain Reload Profiling:
	ReloadAssembly (1141ms)
		BeginReloadAssembly (148ms)
			ExecutionOrderSort (0ms)
			DisableScriptedObjects (6ms)
			BackupInstance (0ms)
			ReleaseScriptingObjects (0ms)
			CreateAndSetChildDomain (45ms)
		EndReloadAssembly (867ms)
			LoadAssemblies (95ms)
			RebuildTransferFunctionScriptingTraits (0ms)
			SetupTypeCache (312ms)
			ReleaseScriptCaches (2ms)
			RebuildScriptCaches (48ms)
			SetupLoadedEditorAssemblies (354ms)
				LogAssemblyErrors (0ms)
				InitializePlatformSupportModulesInManaged (24ms)
				SetLoadedEditorAssemblies (1ms)
				RefreshPlugins (1ms)
				BeforeProcessingInitializeOnLoad (74ms)
				ProcessInitializeOnLoadAttributes (217ms)
				ProcessInitializeOnLoadMethodAttributes (31ms)
				AfterProcessingInitializeOnLoad (7ms)
				EditorAssembliesLoaded (0ms)
			ExecutionOrderSort2 (0ms)
			AwakeInstancesAfterBackupRestoration (6ms)
Platform modules already initialized, skipping
Refreshing native plugins compatible for Editor in 1.78 ms, found 3 plugins.
Preloading 0 native plugins for Editor in 0.00 ms.
Unloading 3397 Unused Serialized files (Serialized files now loaded: 0)
Unloading 20 unused Assets / (79.8 KB). Loaded Objects now: 3874.
Memory consumption went from 117.0 MB to 116.9 MB.
Total: 3.281300 ms (FindLiveObjects: 0.271300 ms CreateObjectMapping: 0.080700 ms MarkObjects: 2.836800 ms  DeleteObjects: 0.090700 ms)

AssetImportParameters requested are different than current active one (requested -> active):
  custom:video-decoder-ogg-theora: a1e56fd34408186e4bbccfd4996cb3dc -> 
  custom:container-muxer-webm: aa71ff27fc2769a1b78a27578f13a17b -> 
  custom:container-demuxer-webm: 4f35f7cbe854078d1ac9338744f61a02 -> 
  custom:video-encoder-webm-vp8: eb34c28f22e8b96e1ab97ce403110664 -> 
  custom:audio-encoder-webm-vorbis: bf7c407c2cedff20999df2af8eb42d56 -> 
  custom:framework-win-MediaFoundation: 216162199b28c13a410421893ffa2e32 -> 
  custom:container-demuxer-ogg: 62fdf1f143b41e24485cea50d1cbac27 -> 
  custom:video-decoder-webm-vp8: 9c59270c3fd7afecdb556c50c9e8de78 -> 
  custom:audio-decoder-ogg-vorbis: bf7c407c2cedff20999df2af8eb42d56 -> 
========================================================================
Received Import Request.
  Time since last request: 29.580445 seconds.
  path: Assets/ScriptableObject
  artifactKey: Guid(c2464d33e7b6233489b8e20b1eed524c) Importer(815301076,1909f56bfc062723c751e8b465ee728b)
Start importing Assets/ScriptableObject using Guid(c2464d33e7b6233489b8e20b1eed524c) Importer(815301076,1909f56bfc062723c751e8b465ee728b)  -> (artifact id: '8bdc61093bad1c750119af437f94dbb5') in 0.015586 seconds 
========================================================================
Received Import Request.
  Time since last request: 81.025534 seconds.
  path: Assets/Script/CompanyScript/ScenarioScenes.cs
  artifactKey: Guid(3487d13e83291df4e90b6e608222c68e) Importer(815301076,1909f56bfc062723c751e8b465ee728b)
Start importing Assets/Script/CompanyScript/ScenarioScenes.cs using Guid(3487d13e83291df4e90b6e608222c68e) Importer(815301076,1909f56bfc062723c751e8b465ee728b)  -> (artifact id: '20b5c21a5bed7bfd6738c3180e4f33dd') in 0.007188 seconds 
========================================================================
Received Prepare
Registering precompiled user dll's ...
Registered in 0.004991 seconds.
Begin MonoManager ReloadAssembly
Symbol file LoadedFromMemory doesn't match image C:\unity\ScriptableObject\ScriptableObjects\Library\PackageCache\com.unity.visualscripting@1.7.8\Editor\VisualScripting.Core\Dependencies\YamlDotNet\Unity.VisualScripting.YamlDotNet.dll
Symbol file LoadedFromMemory doesn't match image C:\unity\ScriptableObject\ScriptableObjects\Library\PackageCache\com.unity.visualscripting@1.7.8\Editor\VisualScripting.Core\Dependencies\DotNetZip\Unity.VisualScripting.IonicZip.dll
Native extension for WindowsStandalone target not found
Native extension for Android target not found
Refreshing native plugins compatible for Editor in 0.66 ms, found 3 plugins.
Preloading 0 native plugins for Editor in 0.00 ms.
Mono: successfully reloaded assembly
- Completed reload, in  1.048 seconds
Domain Reload Profiling:
	ReloadAssembly (1049ms)
		BeginReloadAssembly (144ms)
			ExecutionOrderSort (0ms)
			DisableScriptedObjects (6ms)
			BackupInstance (0ms)
			ReleaseScriptingObjects (0ms)
			CreateAndSetChildDomain (42ms)
		EndReloadAssembly (812ms)
			LoadAssemblies (95ms)
			RebuildTransferFunctionScriptingTraits (0ms)
			SetupTypeCache (297ms)
			ReleaseScriptCaches (2ms)
			RebuildScriptCaches (42ms)
			SetupLoadedEditorAssemblies (329ms)
				LogAssemblyErrors (0ms)
				InitializePlatformSupportModulesInManaged (25ms)
				SetLoadedEditorAssemblies (0ms)
				RefreshPlugins (1ms)
				BeforeProcessingInitializeOnLoad (73ms)
				ProcessInitializeOnLoadAttributes (194ms)
				ProcessInitializeOnLoadMethodAttributes (29ms)
				AfterProcessingInitializeOnLoad (7ms)
				EditorAssembliesLoaded (0ms)
			ExecutionOrderSort2 (0ms)
			AwakeInstancesAfterBackupRestoration (6ms)
Platform modules already initialized, skipping
Refreshing native plugins compatible for Editor in 1.68 ms, found 3 plugins.
Preloading 0 native plugins for Editor in 0.00 ms.
Unloading 3397 Unused Serialized files (Serialized files now loaded: 0)
Unloading 20 unused Assets / (79.8 KB). Loaded Objects now: 3877.
Memory consumption went from 116.9 MB to 116.8 MB.
Total: 2.558600 ms (FindLiveObjects: 0.236500 ms CreateObjectMapping: 0.086300 ms MarkObjects: 2.156200 ms  DeleteObjects: 0.078700 ms)

AssetImportParameters requested are different than current active one (requested -> active):
  custom:video-decoder-ogg-theora: a1e56fd34408186e4bbccfd4996cb3dc -> 
  custom:container-muxer-webm: aa71ff27fc2769a1b78a27578f13a17b -> 
  custom:container-demuxer-webm: 4f35f7cbe854078d1ac9338744f61a02 -> 
  custom:video-encoder-webm-vp8: eb34c28f22e8b96e1ab97ce403110664 -> 
  custom:audio-encoder-webm-vorbis: bf7c407c2cedff20999df2af8eb42d56 -> 
  custom:framework-win-MediaFoundation: 216162199b28c13a410421893ffa2e32 -> 
  custom:container-demuxer-ogg: 62fdf1f143b41e24485cea50d1cbac27 -> 
  custom:video-decoder-webm-vp8: 9c59270c3fd7afecdb556c50c9e8de78 -> 
  custom:audio-decoder-ogg-vorbis: bf7c407c2cedff20999df2af8eb42d56 -> 
========================================================================
Received Prepare
Registering precompiled user dll's ...
Registered in 0.006078 seconds.
Begin MonoManager ReloadAssembly
Symbol file LoadedFromMemory doesn't match image C:\unity\ScriptableObject\ScriptableObjects\Library\PackageCache\com.unity.visualscripting@1.7.8\Editor\VisualScripting.Core\Dependencies\YamlDotNet\Unity.VisualScripting.YamlDotNet.dll
Symbol file LoadedFromMemory doesn't match image C:\unity\ScriptableObject\ScriptableObjects\Library\PackageCache\com.unity.visualscripting@1.7.8\Editor\VisualScripting.Core\Dependencies\DotNetZip\Unity.VisualScripting.IonicZip.dll
Native extension for WindowsStandalone target not found
Native extension for Android target not found
Refreshing native plugins compatible for Editor in 0.69 ms, found 3 plugins.
Preloading 0 native plugins for Editor in 0.00 ms.
Mono: successfully reloaded assembly
- Completed reload, in  1.112 seconds
Domain Reload Profiling:
	ReloadAssembly (1113ms)
		BeginReloadAssembly (149ms)
			ExecutionOrderSort (0ms)
			DisableScriptedObjects (7ms)
			BackupInstance (0ms)
			ReleaseScriptingObjects (0ms)
			CreateAndSetChildDomain (41ms)
		EndReloadAssembly (854ms)
			LoadAssemblies (108ms)
			RebuildTransferFunctionScriptingTraits (0ms)
			SetupTypeCache (302ms)
			ReleaseScriptCaches (2ms)
			RebuildScriptCaches (45ms)
			SetupLoadedEditorAssemblies (362ms)
				LogAssemblyErrors (0ms)
				InitializePlatformSupportModulesInManaged (29ms)
				SetLoadedEditorAssemblies (1ms)
				RefreshPlugins (1ms)
				BeforeProcessingInitializeOnLoad (70ms)
				ProcessInitializeOnLoadAttributes (224ms)
				ProcessInitializeOnLoadMethodAttributes (30ms)
				AfterProcessingInitializeOnLoad (6ms)
				EditorAssembliesLoaded (0ms)
			ExecutionOrderSort2 (0ms)
			AwakeInstancesAfterBackupRestoration (6ms)
Platform modules already initialized, skipping
Refreshing native plugins compatible for Editor in 2.07 ms, found 3 plugins.
Preloading 0 native plugins for Editor in 0.00 ms.
Unloading 3397 Unused Serialized files (Serialized files now loaded: 0)
Unloading 20 unused Assets / (79.8 KB). Loaded Objects now: 3880.
Memory consumption went from 116.9 MB to 116.8 MB.
Total: 4.134900 ms (FindLiveObjects: 0.296500 ms CreateObjectMapping: 0.122100 ms MarkObjects: 3.603200 ms  DeleteObjects: 0.111400 ms)

AssetImportParameters requested are different than current active one (requested -> active):
  custom:video-decoder-ogg-theora: a1e56fd34408186e4bbccfd4996cb3dc -> 
  custom:container-muxer-webm: aa71ff27fc2769a1b78a27578f13a17b -> 
  custom:container-demuxer-webm: 4f35f7cbe854078d1ac9338744f61a02 -> 
  custom:video-encoder-webm-vp8: eb34c28f22e8b96e1ab97ce403110664 -> 
  custom:audio-encoder-webm-vorbis: bf7c407c2cedff20999df2af8eb42d56 -> 
  custom:framework-win-MediaFoundation: 216162199b28c13a410421893ffa2e32 -> 
  custom:container-demuxer-ogg: 62fdf1f143b41e24485cea50d1cbac27 -> 
  custom:video-decoder-webm-vp8: 9c59270c3fd7afecdb556c50c9e8de78 -> 
  custom:audio-decoder-ogg-vorbis: bf7c407c2cedff20999df2af8eb42d56 -> 
========================================================================
Received Import Request.
  Time since last request: 81.269919 seconds.
  path: Assets/ScriptableObject/New Scenario.asset
  artifactKey: Guid(34f84832e23d6f34195fab828c38efd3) Importer(815301076,1909f56bfc062723c751e8b465ee728b)
Start importing Assets/ScriptableObject/New Scenario.asset using Guid(34f84832e23d6f34195fab828c38efd3) Importer(815301076,1909f56bfc062723c751e8b465ee728b)  -> (artifact id: '3b8d8f4242cd2b3bc48c3c31527d80cf') in 0.025276 seconds 
========================================================================
Received Prepare
Registering precompiled user dll's ...
Registered in 0.005942 seconds.
Begin MonoManager ReloadAssembly
Symbol file LoadedFromMemory doesn't match image C:\unity\ScriptableObject\ScriptableObjects\Library\PackageCache\com.unity.visualscripting@1.7.8\Editor\VisualScripting.Core\Dependencies\YamlDotNet\Unity.VisualScripting.YamlDotNet.dll
Symbol file LoadedFromMemory doesn't match image C:\unity\ScriptableObject\ScriptableObjects\Library\PackageCache\com.unity.visualscripting@1.7.8\Editor\VisualScripting.Core\Dependencies\DotNetZip\Unity.VisualScripting.IonicZip.dll
Native extension for WindowsStandalone target not found
Native extension for Android target not found
Refreshing native plugins compatible for Editor in 0.83 ms, found 3 plugins.
Preloading 0 native plugins for Editor in 0.00 ms.
Mono: successfully reloaded assembly
- Completed reload, in  1.034 seconds
Domain Reload Profiling:
	ReloadAssembly (1035ms)
		BeginReloadAssembly (145ms)
			ExecutionOrderSort (0ms)
			DisableScriptedObjects (6ms)
			BackupInstance (0ms)
			ReleaseScriptingObjects (0ms)
			CreateAndSetChildDomain (40ms)
		EndReloadAssembly (778ms)
			LoadAssemblies (92ms)
			RebuildTransferFunctionScriptingTraits (0ms)
			SetupTypeCache (286ms)
			ReleaseScriptCaches (2ms)
			RebuildScriptCaches (42ms)
			SetupLoadedEditorAssemblies (319ms)
				LogAssemblyErrors (0ms)
				InitializePlatformSupportModulesInManaged (23ms)
				SetLoadedEditorAssemblies (1ms)
				RefreshPlugins (1ms)
				BeforeProcessingInitializeOnLoad (68ms)
				ProcessInitializeOnLoadAttributes (195ms)
				ProcessInitializeOnLoadMethodAttributes (25ms)
				AfterProcessingInitializeOnLoad (5ms)
				EditorAssembliesLoaded (0ms)
			ExecutionOrderSort2 (0ms)
			AwakeInstancesAfterBackupRestoration (4ms)
Platform modules already initialized, skipping
Refreshing native plugins compatible for Editor in 1.54 ms, found 3 plugins.
Preloading 0 native plugins for Editor in 0.00 ms.
Unloading 3397 Unused Serialized files (Serialized files now loaded: 0)
Unloading 20 unused Assets / (79.7 KB). Loaded Objects now: 3883.
Memory consumption went from 116.9 MB to 116.8 MB.
Total: 2.720400 ms (FindLiveObjects: 0.230900 ms CreateObjectMapping: 0.073200 ms MarkObjects: 2.321500 ms  DeleteObjects: 0.093700 ms)

AssetImportParameters requested are different than current active one (requested -> active):
  custom:video-decoder-ogg-theora: a1e56fd34408186e4bbccfd4996cb3dc -> 
  custom:container-muxer-webm: aa71ff27fc2769a1b78a27578f13a17b -> 
  custom:container-demuxer-webm: 4f35f7cbe854078d1ac9338744f61a02 -> 
  custom:video-encoder-webm-vp8: eb34c28f22e8b96e1ab97ce403110664 -> 
  custom:audio-encoder-webm-vorbis: bf7c407c2cedff20999df2af8eb42d56 -> 
  custom:framework-win-MediaFoundation: 216162199b28c13a410421893ffa2e32 -> 
  custom:container-demuxer-ogg: 62fdf1f143b41e24485cea50d1cbac27 -> 
  custom:video-decoder-webm-vp8: 9c59270c3fd7afecdb556c50c9e8de78 -> 
  custom:audio-decoder-ogg-vorbis: bf7c407c2cedff20999df2af8eb42d56 -> 
========================================================================
Received Prepare
Registering precompiled user dll's ...
Registered in 0.005479 seconds.
Begin MonoManager ReloadAssembly
Symbol file LoadedFromMemory doesn't match image C:\unity\ScriptableObject\ScriptableObjects\Library\PackageCache\com.unity.visualscripting@1.7.8\Editor\VisualScripting.Core\Dependencies\YamlDotNet\Unity.VisualScripting.YamlDotNet.dll
Symbol file LoadedFromMemory doesn't match image C:\unity\ScriptableObject\ScriptableObjects\Library\PackageCache\com.unity.visualscripting@1.7.8\Editor\VisualScripting.Core\Dependencies\DotNetZip\Unity.VisualScripting.IonicZip.dll
Native extension for WindowsStandalone target not found
Native extension for Android target not found
Refreshing native plugins compatible for Editor in 0.58 ms, found 3 plugins.
Preloading 0 native plugins for Editor in 0.00 ms.
Mono: successfully reloaded assembly
- Completed reload, in  1.027 seconds
Domain Reload Profiling:
	ReloadAssembly (1027ms)
		BeginReloadAssembly (145ms)
			ExecutionOrderSort (0ms)
			DisableScriptedObjects (6ms)
			BackupInstance (0ms)
			ReleaseScriptingObjects (0ms)
			CreateAndSetChildDomain (39ms)
		EndReloadAssembly (781ms)
			LoadAssemblies (97ms)
			RebuildTransferFunctionScriptingTraits (0ms)
			SetupTypeCache (291ms)
			ReleaseScriptCaches (2ms)
			RebuildScriptCaches (48ms)
			SetupLoadedEditorAssemblies (315ms)
				LogAssemblyErrors (0ms)
				InitializePlatformSupportModulesInManaged (26ms)
				SetLoadedEditorAssemblies (0ms)
				RefreshPlugins (1ms)
				BeforeProcessingInitializeOnLoad (61ms)
				ProcessInitializeOnLoadAttributes (194ms)
				ProcessInitializeOnLoadMethodAttributes (27ms)
				AfterProcessingInitializeOnLoad (6ms)
				EditorAssembliesLoaded (0ms)
			ExecutionOrderSort2 (0ms)
			AwakeInstancesAfterBackupRestoration (5ms)
Platform modules already initialized, skipping
Refreshing native plugins compatible for Editor in 2.22 ms, found 3 plugins.
Preloading 0 native plugins for Editor in 0.00 ms.
Unloading 3397 Unused Serialized files (Serialized files now loaded: 0)
Unloading 20 unused Assets / (79.9 KB). Loaded Objects now: 3886.
Memory consumption went from 116.9 MB to 116.8 MB.
Total: 3.003700 ms (FindLiveObjects: 0.280200 ms CreateObjectMapping: 0.090000 ms MarkObjects: 2.542500 ms  DeleteObjects: 0.089100 ms)

AssetImportParameters requested are different than current active one (requested -> active):
  custom:video-decoder-ogg-theora: a1e56fd34408186e4bbccfd4996cb3dc -> 
  custom:container-muxer-webm: aa71ff27fc2769a1b78a27578f13a17b -> 
  custom:container-demuxer-webm: 4f35f7cbe854078d1ac9338744f61a02 -> 
  custom:video-encoder-webm-vp8: eb34c28f22e8b96e1ab97ce403110664 -> 
  custom:audio-encoder-webm-vorbis: bf7c407c2cedff20999df2af8eb42d56 -> 
  custom:framework-win-MediaFoundation: 216162199b28c13a410421893ffa2e32 -> 
  custom:container-demuxer-ogg: 62fdf1f143b41e24485cea50d1cbac27 -> 
  custom:video-decoder-webm-vp8: 9c59270c3fd7afecdb556c50c9e8de78 -> 
  custom:audio-decoder-ogg-vorbis: bf7c407c2cedff20999df2af8eb42d56 -> 
========================================================================
Received Import Request.
  Time since last request: 156.416406 seconds.
  path: Assets/Script/CompanyScript/ReturnToMainMenuButton.cs
  artifactKey: Guid(5329c4f1b1c4bae4ebdcdba6da1a931f) Importer(815301076,1909f56bfc062723c751e8b465ee728b)
Start importing Assets/Script/CompanyScript/ReturnToMainMenuButton.cs using Guid(5329c4f1b1c4bae4ebdcdba6da1a931f) Importer(815301076,1909f56bfc062723c751e8b465ee728b)  -> (artifact id: '1ac94a4aa6e5675924eb1868233f61c3') in 0.011505 seconds 
========================================================================
Received Import Request.
  Time since last request: 7.943614 seconds.
  path: Assets/Script/CompanyScript/ReturnToMainMenuButton.cs
  artifactKey: Guid(5329c4f1b1c4bae4ebdcdba6da1a931f) Importer(815301076,1909f56bfc062723c751e8b465ee728b)
Start importing Assets/Script/CompanyScript/ReturnToMainMenuButton.cs using Guid(5329c4f1b1c4bae4ebdcdba6da1a931f) Importer(815301076,1909f56bfc062723c751e8b465ee728b)  -> (artifact id: '7539b25951a2c990f40614e59687b595') in 0.002430 seconds 
========================================================================
Received Prepare
Registering precompiled user dll's ...
Registered in 0.004993 seconds.
Begin MonoManager ReloadAssembly
Symbol file LoadedFromMemory doesn't match image C:\unity\ScriptableObject\ScriptableObjects\Library\PackageCache\com.unity.visualscripting@1.7.8\Editor\VisualScripting.Core\Dependencies\YamlDotNet\Unity.VisualScripting.YamlDotNet.dll
Symbol file LoadedFromMemory doesn't match image C:\unity\ScriptableObject\ScriptableObjects\Library\PackageCache\com.unity.visualscripting@1.7.8\Editor\VisualScripting.Core\Dependencies\DotNetZip\Unity.VisualScripting.IonicZip.dll
Native extension for WindowsStandalone target not found
Native extension for Android target not found
Refreshing native plugins compatible for Editor in 0.72 ms, found 3 plugins.
Preloading 0 native plugins for Editor in 0.00 ms.
Mono: successfully reloaded assembly
- Completed reload, in  1.095 seconds
Domain Reload Profiling:
	ReloadAssembly (1096ms)
		BeginReloadAssembly (137ms)
			ExecutionOrderSort (0ms)
			DisableScriptedObjects (6ms)
			BackupInstance (0ms)
			ReleaseScriptingObjects (0ms)
			CreateAndSetChildDomain (41ms)
		EndReloadAssembly (849ms)
			LoadAssemblies (89ms)
			RebuildTransferFunctionScriptingTraits (0ms)
			SetupTypeCache (296ms)
			ReleaseScriptCaches (2ms)
			RebuildScriptCaches (47ms)
			SetupLoadedEditorAssemblies (355ms)
				LogAssemblyErrors (0ms)
				InitializePlatformSupportModulesInManaged (24ms)
				SetLoadedEditorAssemblies (0ms)
				RefreshPlugins (1ms)
				BeforeProcessingInitializeOnLoad (64ms)
				ProcessInitializeOnLoadAttributes (233ms)
				ProcessInitializeOnLoadMethodAttributes (27ms)
				AfterProcessingInitializeOnLoad (6ms)
				EditorAssembliesLoaded (0ms)
			ExecutionOrderSort2 (0ms)
			AwakeInstancesAfterBackupRestoration (5ms)
Platform modules already initialized, skipping
Refreshing native plugins compatible for Editor in 1.72 ms, found 3 plugins.
Preloading 0 native plugins for Editor in 0.00 ms.
Unloading 3397 Unused Serialized files (Serialized files now loaded: 0)
Unloading 20 unused Assets / (79.8 KB). Loaded Objects now: 3889.
Memory consumption went from 116.9 MB to 116.8 MB.
Total: 3.145700 ms (FindLiveObjects: 0.269100 ms CreateObjectMapping: 0.096200 ms MarkObjects: 2.644900 ms  DeleteObjects: 0.134200 ms)

AssetImportParameters requested are different than current active one (requested -> active):
  custom:video-decoder-ogg-theora: a1e56fd34408186e4bbccfd4996cb3dc -> 
  custom:container-muxer-webm: aa71ff27fc2769a1b78a27578f13a17b -> 
  custom:container-demuxer-webm: 4f35f7cbe854078d1ac9338744f61a02 -> 
  custom:video-encoder-webm-vp8: eb34c28f22e8b96e1ab97ce403110664 -> 
  custom:audio-encoder-webm-vorbis: bf7c407c2cedff20999df2af8eb42d56 -> 
  custom:framework-win-MediaFoundation: 216162199b28c13a410421893ffa2e32 -> 
  custom:container-demuxer-ogg: 62fdf1f143b41e24485cea50d1cbac27 -> 
  custom:video-decoder-webm-vp8: 9c59270c3fd7afecdb556c50c9e8de78 -> 
  custom:audio-decoder-ogg-vorbis: bf7c407c2cedff20999df2af8eb42d56 -> 
========================================================================
Received Import Request.
  Time since last request: 28.606430 seconds.
  path: Assets/Script/CompanyScript/ScenarioRecord.cs
  artifactKey: Guid(486df235e42cfd14ebbd4e7fa6cb71ea) Importer(815301076,1909f56bfc062723c751e8b465ee728b)
Start importing Assets/Script/CompanyScript/ScenarioRecord.cs using Guid(486df235e42cfd14ebbd4e7fa6cb71ea) Importer(815301076,1909f56bfc062723c751e8b465ee728b)  -> (artifact id: '777d4acda96b7780f08d6957ecbc5d67') in 0.013641 seconds 
========================================================================
Received Prepare
Registering precompiled user dll's ...
Registered in 0.005199 seconds.
Begin MonoManager ReloadAssembly
Symbol file LoadedFromMemory doesn't match image C:\unity\ScriptableObject\ScriptableObjects\Library\PackageCache\com.unity.visualscripting@1.7.8\Editor\VisualScripting.Core\Dependencies\YamlDotNet\Unity.VisualScripting.YamlDotNet.dll
Symbol file LoadedFromMemory doesn't match image C:\unity\ScriptableObject\ScriptableObjects\Library\PackageCache\com.unity.visualscripting@1.7.8\Editor\VisualScripting.Core\Dependencies\DotNetZip\Unity.VisualScripting.IonicZip.dll
Native extension for WindowsStandalone target not found
Native extension for Android target not found
Refreshing native plugins compatible for Editor in 0.80 ms, found 3 plugins.
Preloading 0 native plugins for Editor in 0.00 ms.
Mono: successfully reloaded assembly
- Completed reload, in  1.047 seconds
Domain Reload Profiling:
	ReloadAssembly (1048ms)
		BeginReloadAssembly (150ms)
			ExecutionOrderSort (0ms)
			DisableScriptedObjects (5ms)
			BackupInstance (0ms)
			ReleaseScriptingObjects (0ms)
			CreateAndSetChildDomain (45ms)
		EndReloadAssembly (795ms)
			LoadAssemblies (96ms)
			RebuildTransferFunctionScriptingTraits (0ms)
			SetupTypeCache (292ms)
			ReleaseScriptCaches (2ms)
			RebuildScriptCaches (45ms)
			SetupLoadedEditorAssemblies (326ms)
				LogAssemblyErrors (0ms)
				InitializePlatformSupportModulesInManaged (21ms)
				SetLoadedEditorAssemblies (1ms)
				RefreshPlugins (1ms)
				BeforeProcessingInitializeOnLoad (63ms)
				ProcessInitializeOnLoadAttributes (202ms)
				ProcessInitializeOnLoadMethodAttributes (33ms)
				AfterProcessingInitializeOnLoad (6ms)
				EditorAssembliesLoaded (0ms)
			ExecutionOrderSort2 (0ms)
			AwakeInstancesAfterBackupRestoration (5ms)
Platform modules already initialized, skipping
Refreshing native plugins compatible for Editor in 1.55 ms, found 3 plugins.
Preloading 0 native plugins for Editor in 0.00 ms.
Unloading 3397 Unused Serialized files (Serialized files now loaded: 0)
Unloading 20 unused Assets / (80.0 KB). Loaded Objects now: 3892.
Memory consumption went from 117.0 MB to 116.9 MB.
Total: 2.879200 ms (FindLiveObjects: 0.252700 ms CreateObjectMapping: 0.126500 ms MarkObjects: 2.384900 ms  DeleteObjects: 0.114200 ms)

AssetImportParameters requested are different than current active one (requested -> active):
  custom:video-decoder-ogg-theora: a1e56fd34408186e4bbccfd4996cb3dc -> 
  custom:container-muxer-webm: aa71ff27fc2769a1b78a27578f13a17b -> 
  custom:container-demuxer-webm: 4f35f7cbe854078d1ac9338744f61a02 -> 
  custom:video-encoder-webm-vp8: eb34c28f22e8b96e1ab97ce403110664 -> 
  custom:audio-encoder-webm-vorbis: bf7c407c2cedff20999df2af8eb42d56 -> 
  custom:framework-win-MediaFoundation: 216162199b28c13a410421893ffa2e32 -> 
  custom:container-demuxer-ogg: 62fdf1f143b41e24485cea50d1cbac27 -> 
  custom:video-decoder-webm-vp8: 9c59270c3fd7afecdb556c50c9e8de78 -> 
  custom:audio-decoder-ogg-vorbis: bf7c407c2cedff20999df2af8eb42d56 -> 
========================================================================
Received Import Request.
  Time since last request: 20.860990 seconds.
  path: Assets/Script/CompanyScript/SceneLoader.cs
  artifactKey: Guid(f4f87e6705a49614aa9eab501519c6e1) Importer(815301076,1909f56bfc062723c751e8b465ee728b)
Start importing Assets/Script/CompanyScript/SceneLoader.cs using Guid(f4f87e6705a49614aa9eab501519c6e1) Importer(815301076,1909f56bfc062723c751e8b465ee728b)  -> (artifact id: 'dda65116b968f628c07e044c01aeeb96') in 0.013096 seconds 
========================================================================
Received Import Request.
  Time since last request: 13.031689 seconds.
  path: Assets/Script/CompanyScript/SceneLoader.cs
  artifactKey: Guid(f4f87e6705a49614aa9eab501519c6e1) Importer(815301076,1909f56bfc062723c751e8b465ee728b)
Start importing Assets/Script/CompanyScript/SceneLoader.cs using Guid(f4f87e6705a49614aa9eab501519c6e1) Importer(815301076,1909f56bfc062723c751e8b465ee728b)  -> (artifact id: '53c0558ff83206e95793c4a72583c988') in 0.002630 seconds 
========================================================================
Received Prepare
Registering precompiled user dll's ...
Registered in 0.007043 seconds.
Begin MonoManager ReloadAssembly
Symbol file LoadedFromMemory doesn't match image C:\unity\ScriptableObject\ScriptableObjects\Library\PackageCache\com.unity.visualscripting@1.7.8\Editor\VisualScripting.Core\Dependencies\YamlDotNet\Unity.VisualScripting.YamlDotNet.dll
Symbol file LoadedFromMemory doesn't match image C:\unity\ScriptableObject\ScriptableObjects\Library\PackageCache\com.unity.visualscripting@1.7.8\Editor\VisualScripting.Core\Dependencies\DotNetZip\Unity.VisualScripting.IonicZip.dll
Native extension for WindowsStandalone target not found
Native extension for Android target not found
Refreshing native plugins compatible for Editor in 0.71 ms, found 3 plugins.
Preloading 0 native plugins for Editor in 0.00 ms.
Mono: successfully reloaded assembly
- Completed reload, in  1.067 seconds
Domain Reload Profiling:
	ReloadAssembly (1067ms)
		BeginReloadAssembly (138ms)
			ExecutionOrderSort (0ms)
			DisableScriptedObjects (5ms)
			BackupInstance (0ms)
			ReleaseScriptingObjects (0ms)
			CreateAndSetChildDomain (43ms)
		EndReloadAssembly (813ms)
			LoadAssemblies (96ms)
			RebuildTransferFunctionScriptingTraits (0ms)
			SetupTypeCache (300ms)
			ReleaseScriptCaches (2ms)
			RebuildScriptCaches (52ms)
			SetupLoadedEditorAssemblies (318ms)
				LogAssemblyErrors (0ms)
				InitializePlatformSupportModulesInManaged (22ms)
				SetLoadedEditorAssemblies (1ms)
				RefreshPlugins (1ms)
				BeforeProcessingInitializeOnLoad (70ms)
				ProcessInitializeOnLoadAttributes (196ms)
				ProcessInitializeOnLoadMethodAttributes (24ms)
				AfterProcessingInitializeOnLoad (5ms)
				EditorAssembliesLoaded (0ms)
			ExecutionOrderSort2 (0ms)
			AwakeInstancesAfterBackupRestoration (5ms)
Platform modules already initialized, skipping
Refreshing native plugins compatible for Editor in 1.77 ms, found 3 plugins.
Preloading 0 native plugins for Editor in 0.00 ms.
Unloading 3397 Unused Serialized files (Serialized files now loaded: 0)
Unloading 20 unused Assets / (79.9 KB). Loaded Objects now: 3895.
Memory consumption went from 117.0 MB to 116.9 MB.
Total: 2.874800 ms (FindLiveObjects: 0.230900 ms CreateObjectMapping: 0.083700 ms MarkObjects: 2.455500 ms  DeleteObjects: 0.103400 ms)

AssetImportParameters requested are different than current active one (requested -> active):
  custom:video-decoder-ogg-theora: a1e56fd34408186e4bbccfd4996cb3dc -> 
  custom:container-muxer-webm: aa71ff27fc2769a1b78a27578f13a17b -> 
  custom:container-demuxer-webm: 4f35f7cbe854078d1ac9338744f61a02 -> 
  custom:video-encoder-webm-vp8: eb34c28f22e8b96e1ab97ce403110664 -> 
  custom:audio-encoder-webm-vorbis: bf7c407c2cedff20999df2af8eb42d56 -> 
  custom:framework-win-MediaFoundation: 216162199b28c13a410421893ffa2e32 -> 
  custom:container-demuxer-ogg: 62fdf1f143b41e24485cea50d1cbac27 -> 
  custom:video-decoder-webm-vp8: 9c59270c3fd7afecdb556c50c9e8de78 -> 
  custom:audio-decoder-ogg-vorbis: bf7c407c2cedff20999df2af8eb42d56 -> 
========================================================================
Received Import Request.
  Time since last request: 29.261905 seconds.
  path: Assets/Script/CompanyScript/SkillsTestScenarioGrading.cs
  artifactKey: Guid(5a0a2b1979dce13409d7d0b6a7ed5cf7) Importer(815301076,1909f56bfc062723c751e8b465ee728b)
Start importing Assets/Script/CompanyScript/SkillsTestScenarioGrading.cs using Guid(5a0a2b1979dce13409d7d0b6a7ed5cf7) Importer(815301076,1909f56bfc062723c751e8b465ee728b)  -> (artifact id: 'b58b8b152b8bd1d515fde7e1c23f784c') in 0.012053 seconds 
========================================================================
Received Prepare
Registering precompiled user dll's ...
Registered in 0.006750 seconds.
Begin MonoManager ReloadAssembly
Symbol file LoadedFromMemory doesn't match image C:\unity\ScriptableObject\ScriptableObjects\Library\PackageCache\com.unity.visualscripting@1.7.8\Editor\VisualScripting.Core\Dependencies\YamlDotNet\Unity.VisualScripting.YamlDotNet.dll
Symbol file LoadedFromMemory doesn't match image C:\unity\ScriptableObject\ScriptableObjects\Library\PackageCache\com.unity.visualscripting@1.7.8\Editor\VisualScripting.Core\Dependencies\DotNetZip\Unity.VisualScripting.IonicZip.dll
Native extension for WindowsStandalone target not found
Native extension for Android target not found
Refreshing native plugins compatible for Editor in 0.61 ms, found 3 plugins.
Preloading 0 native plugins for Editor in 0.00 ms.
Mono: successfully reloaded assembly
- Completed reload, in  1.041 seconds
Domain Reload Profiling:
	ReloadAssembly (1042ms)
		BeginReloadAssembly (137ms)
			ExecutionOrderSort (0ms)
			DisableScriptedObjects (6ms)
			BackupInstance (0ms)
			ReleaseScriptingObjects (0ms)
			CreateAndSetChildDomain (39ms)
		EndReloadAssembly (802ms)
			LoadAssemblies (88ms)
			RebuildTransferFunctionScriptingTraits (0ms)
			SetupTypeCache (299ms)
			ReleaseScriptCaches (2ms)
			RebuildScriptCaches (44ms)
			SetupLoadedEditorAssemblies (320ms)
				LogAssemblyErrors (0ms)
				InitializePlatformSupportModulesInManaged (22ms)
				SetLoadedEditorAssemblies (1ms)
				RefreshPlugins (1ms)
				BeforeProcessingInitializeOnLoad (70ms)
				ProcessInitializeOnLoadAttributes (189ms)
				ProcessInitializeOnLoadMethodAttributes (30ms)
				AfterProcessingInitializeOnLoad (7ms)
				EditorAssembliesLoaded (0ms)
			ExecutionOrderSort2 (0ms)
			AwakeInstancesAfterBackupRestoration (9ms)
Platform modules already initialized, skipping
Refreshing native plugins compatible for Editor in 2.15 ms, found 3 plugins.
Preloading 0 native plugins for Editor in 0.00 ms.
Unloading 3397 Unused Serialized files (Serialized files now loaded: 0)
Unloading 20 unused Assets / (79.9 KB). Loaded Objects now: 3898.
Memory consumption went from 116.9 MB to 116.8 MB.
Total: 2.978900 ms (FindLiveObjects: 0.304800 ms CreateObjectMapping: 0.110400 ms MarkObjects: 2.449900 ms  DeleteObjects: 0.112200 ms)

AssetImportParameters requested are different than current active one (requested -> active):
  custom:video-decoder-ogg-theora: a1e56fd34408186e4bbccfd4996cb3dc -> 
  custom:container-muxer-webm: aa71ff27fc2769a1b78a27578f13a17b -> 
  custom:container-demuxer-webm: 4f35f7cbe854078d1ac9338744f61a02 -> 
  custom:video-encoder-webm-vp8: eb34c28f22e8b96e1ab97ce403110664 -> 
  custom:audio-encoder-webm-vorbis: bf7c407c2cedff20999df2af8eb42d56 -> 
  custom:framework-win-MediaFoundation: 216162199b28c13a410421893ffa2e32 -> 
  custom:container-demuxer-ogg: 62fdf1f143b41e24485cea50d1cbac27 -> 
  custom:video-decoder-webm-vp8: 9c59270c3fd7afecdb556c50c9e8de78 -> 
  custom:audio-decoder-ogg-vorbis: bf7c407c2cedff20999df2af8eb42d56 -> 
========================================================================
Received Import Request.
  Time since last request: 17.673354 seconds.
  path: Assets/Script/CompanyScript/SnackbarHandler.cs
  artifactKey: Guid(4b04360a735d5a344bb0a7503e6ad735) Importer(815301076,1909f56bfc062723c751e8b465ee728b)
Start importing Assets/Script/CompanyScript/SnackbarHandler.cs using Guid(4b04360a735d5a344bb0a7503e6ad735) Importer(815301076,1909f56bfc062723c751e8b465ee728b)  -> (artifact id: '55be7ab9db060277e904421e37bafa57') in 0.011069 seconds 
========================================================================
Received Prepare
Registering precompiled user dll's ...
Registered in 0.006050 seconds.
Begin MonoManager ReloadAssembly
Symbol file LoadedFromMemory doesn't match image C:\unity\ScriptableObject\ScriptableObjects\Library\PackageCache\com.unity.visualscripting@1.7.8\Editor\VisualScripting.Core\Dependencies\YamlDotNet\Unity.VisualScripting.YamlDotNet.dll
Symbol file LoadedFromMemory doesn't match image C:\unity\ScriptableObject\ScriptableObjects\Library\PackageCache\com.unity.visualscripting@1.7.8\Editor\VisualScripting.Core\Dependencies\DotNetZip\Unity.VisualScripting.IonicZip.dll
Native extension for WindowsStandalone target not found
Native extension for Android target not found
Refreshing native plugins compatible for Editor in 0.62 ms, found 3 plugins.
Preloading 0 native plugins for Editor in 0.00 ms.
Mono: successfully reloaded assembly
- Completed reload, in  1.066 seconds
Domain Reload Profiling:
	ReloadAssembly (1067ms)
		BeginReloadAssembly (143ms)
			ExecutionOrderSort (0ms)
			DisableScriptedObjects (6ms)
			BackupInstance (0ms)
			ReleaseScriptingObjects (0ms)
			CreateAndSetChildDomain (39ms)
		EndReloadAssembly (811ms)
			LoadAssemblies (96ms)
			RebuildTransferFunctionScriptingTraits (0ms)
			SetupTypeCache (306ms)
			ReleaseScriptCaches (2ms)
			RebuildScriptCaches (40ms)
			SetupLoadedEditorAssemblies (332ms)
				LogAssemblyErrors (0ms)
				InitializePlatformSupportModulesInManaged (22ms)
				SetLoadedEditorAssemblies (0ms)
				RefreshPlugins (1ms)
				BeforeProcessingInitializeOnLoad (60ms)
				ProcessInitializeOnLoadAttributes (211ms)
				ProcessInitializeOnLoadMethodAttributes (32ms)
				AfterProcessingInitializeOnLoad (6ms)
				EditorAssembliesLoaded (0ms)
			ExecutionOrderSort2 (0ms)
			AwakeInstancesAfterBackupRestoration (5ms)
Platform modules already initialized, skipping
Refreshing native plugins compatible for Editor in 3.06 ms, found 3 plugins.
Preloading 0 native plugins for Editor in 0.00 ms.
Unloading 3397 Unused Serialized files (Serialized files now loaded: 0)
Unloading 20 unused Assets / (79.8 KB). Loaded Objects now: 3901.
Memory consumption went from 116.9 MB to 116.9 MB.
Total: 3.132800 ms (FindLiveObjects: 0.276200 ms CreateObjectMapping: 0.098900 ms MarkObjects: 2.653600 ms  DeleteObjects: 0.102900 ms)

AssetImportParameters requested are different than current active one (requested -> active):
  custom:video-decoder-ogg-theora: a1e56fd34408186e4bbccfd4996cb3dc -> 
  custom:container-muxer-webm: aa71ff27fc2769a1b78a27578f13a17b -> 
  custom:container-demuxer-webm: 4f35f7cbe854078d1ac9338744f61a02 -> 
  custom:video-encoder-webm-vp8: eb34c28f22e8b96e1ab97ce403110664 -> 
  custom:audio-encoder-webm-vorbis: bf7c407c2cedff20999df2af8eb42d56 -> 
  custom:framework-win-MediaFoundation: 216162199b28c13a410421893ffa2e32 -> 
  custom:container-demuxer-ogg: 62fdf1f143b41e24485cea50d1cbac27 -> 
  custom:video-decoder-webm-vp8: 9c59270c3fd7afecdb556c50c9e8de78 -> 
  custom:audio-decoder-ogg-vorbis: bf7c407c2cedff20999df2af8eb42d56 -> 
========================================================================
Received Import Request.
  Time since last request: 8.278381 seconds.
  path: Assets/Script/CompanyScript/TrainingSummaryMenu.cs
  artifactKey: Guid(8ab50e0ab287cc14483407541538b166) Importer(815301076,1909f56bfc062723c751e8b465ee728b)
Start importing Assets/Script/CompanyScript/TrainingSummaryMenu.cs using Guid(8ab50e0ab287cc14483407541538b166) Importer(815301076,1909f56bfc062723c751e8b465ee728b)  -> (artifact id: 'e622e8843adb51ffbd5d421278bdfb3a') in 0.013113 seconds 
========================================================================
Received Prepare
Registering precompiled user dll's ...
Registered in 0.007696 seconds.
Begin MonoManager ReloadAssembly
Symbol file LoadedFromMemory doesn't match image C:\unity\ScriptableObject\ScriptableObjects\Library\PackageCache\com.unity.visualscripting@1.7.8\Editor\VisualScripting.Core\Dependencies\YamlDotNet\Unity.VisualScripting.YamlDotNet.dll
Symbol file LoadedFromMemory doesn't match image C:\unity\ScriptableObject\ScriptableObjects\Library\PackageCache\com.unity.visualscripting@1.7.8\Editor\VisualScripting.Core\Dependencies\DotNetZip\Unity.VisualScripting.IonicZip.dll
Native extension for WindowsStandalone target not found
Native extension for Android target not found
Refreshing native plugins compatible for Editor in 0.78 ms, found 3 plugins.
Preloading 0 native plugins for Editor in 0.00 ms.
Mono: successfully reloaded assembly
- Completed reload, in  1.068 seconds
Domain Reload Profiling:
	ReloadAssembly (1069ms)
		BeginReloadAssembly (157ms)
			ExecutionOrderSort (0ms)
			DisableScriptedObjects (8ms)
			BackupInstance (0ms)
			ReleaseScriptingObjects (0ms)
			CreateAndSetChildDomain (43ms)
		EndReloadAssembly (798ms)
			LoadAssemblies (107ms)
			RebuildTransferFunctionScriptingTraits (0ms)
			SetupTypeCache (298ms)
			ReleaseScriptCaches (3ms)
			RebuildScriptCaches (47ms)
			SetupLoadedEditorAssemblies (314ms)
				LogAssemblyErrors (0ms)
				InitializePlatformSupportModulesInManaged (19ms)
				SetLoadedEditorAssemblies (0ms)
				RefreshPlugins (1ms)
				BeforeProcessingInitializeOnLoad (67ms)
				ProcessInitializeOnLoadAttributes (190ms)
				ProcessInitializeOnLoadMethodAttributes (30ms)
				AfterProcessingInitializeOnLoad (7ms)
				EditorAssembliesLoaded (0ms)
			ExecutionOrderSort2 (0ms)
			AwakeInstancesAfterBackupRestoration (9ms)
Platform modules already initialized, skipping
Refreshing native plugins compatible for Editor in 1.80 ms, found 3 plugins.
Preloading 0 native plugins for Editor in 0.00 ms.
Unloading 3397 Unused Serialized files (Serialized files now loaded: 0)
Unloading 20 unused Assets / (79.9 KB). Loaded Objects now: 3904.
Memory consumption went from 116.9 MB to 116.9 MB.
Total: 3.172600 ms (FindLiveObjects: 0.246200 ms CreateObjectMapping: 0.090500 ms MarkObjects: 2.731500 ms  DeleteObjects: 0.103400 ms)

AssetImportParameters requested are different than current active one (requested -> active):
  custom:video-decoder-ogg-theora: a1e56fd34408186e4bbccfd4996cb3dc -> 
  custom:container-muxer-webm: aa71ff27fc2769a1b78a27578f13a17b -> 
  custom:container-demuxer-webm: 4f35f7cbe854078d1ac9338744f61a02 -> 
  custom:video-encoder-webm-vp8: eb34c28f22e8b96e1ab97ce403110664 -> 
  custom:audio-encoder-webm-vorbis: bf7c407c2cedff20999df2af8eb42d56 -> 
  custom:framework-win-MediaFoundation: 216162199b28c13a410421893ffa2e32 -> 
  custom:container-demuxer-ogg: 62fdf1f143b41e24485cea50d1cbac27 -> 
  custom:video-decoder-webm-vp8: 9c59270c3fd7afecdb556c50c9e8de78 -> 
  custom:audio-decoder-ogg-vorbis: bf7c407c2cedff20999df2af8eb42d56 -> 
